Using pre-set license
Built from '2021.3/staging' branch; Version is '2021.3.9f1 (ad3870b89536) revision 11352176'; Using compiler version '192829333'; Build Type 'Release'
OS: 'Windows 10  (10.0.19044) 64bit Core' Language: 'ko' Physical Memory: 16309 MB
BatchMode: 1, IsHumanControllingUs: 0, StartBugReporterOnCrash: 0, Is64bit: 1, IsPro: 1

COMMAND LINE ARGUMENTS:
C:\Program Files\Unity\Hub\Editor\2021.3.9f1\Editor\Unity.exe
-adb2
-batchMode
-noUpm
-name
AssetImportWorker2
-projectPath
C:/Users/aloho/AGXSample
-logFile
Logs/AssetImportWorker2.log
-srvPort
3613
Successfully changed project path to: C:/Users/aloho/AGXSample
C:/Users/aloho/AGXSample
[UnityMemory] Configuration Parameters - Can be set up in boot.config
    "memorysetup-bucket-allocator-granularity=16"
    "memorysetup-bucket-allocator-bucket-count=8"
    "memorysetup-bucket-allocator-block-size=33554432"
    "memorysetup-bucket-allocator-block-count=8"
    "memorysetup-main-allocator-block-size=16777216"
    "memorysetup-thread-allocator-block-size=16777216"
    "memorysetup-gfx-main-allocator-block-size=16777216"
    "memorysetup-gfx-thread-allocator-block-size=16777216"
    "memorysetup-cache-allocator-block-size=4194304"
    "memorysetup-typetree-allocator-block-size=2097152"
    "memorysetup-profiler-bucket-allocator-granularity=16"
    "memorysetup-profiler-bucket-allocator-bucket-count=8"
    "memorysetup-profiler-bucket-allocator-block-size=33554432"
    "memorysetup-profiler-bucket-allocator-block-count=8"
    "memorysetup-profiler-allocator-block-size=16777216"
    "memorysetup-profiler-editor-allocator-block-size=1048576"
    "memorysetup-temp-allocator-size-main=16777216"
    "memorysetup-job-temp-allocator-block-size=2097152"
    "memorysetup-job-temp-allocator-block-size-background=1048576"
    "memorysetup-job-temp-allocator-reduction-small-platforms=262144"
    "memorysetup-temp-allocator-size-background-worker=32768"
    "memorysetup-temp-allocator-size-job-worker=262144"
    "memorysetup-temp-allocator-size-preload-manager=33554432"
    "memorysetup-temp-allocator-size-nav-mesh-worker=65536"
    "memorysetup-temp-allocator-size-audio-worker=65536"
    "memorysetup-temp-allocator-size-cloud-worker=32768"
    "memorysetup-temp-allocator-size-gi-baking-worker=262144"
    "memorysetup-temp-allocator-size-gfx=262144"
Refreshing native plugins compatible for Editor in 93.85 ms, found 20 plugins.
Preloading 16 native plugins for Editor in 6.94 ms.
Initialize engine version: 2021.3.9f1 (ad3870b89536)
[Subsystems] Discovering subsystems at path C:/Program Files/Unity/Hub/Editor/2021.3.9f1/Editor/Data/Resources/UnitySubsystems
[Subsystems] Discovering subsystems at path C:/Users/aloho/AGXSample/Assets
GfxDevice: creating device client; threaded=0; jobified=0
Direct3D:
    Version:  Direct3D 11.0 [level 11.1]
    Renderer: NVIDIA GeForce RTX 3060 (ID=0x2504)
    Vendor:   NVIDIA
    VRAM:     12142 MB
    Driver:   31.0.15.1694
Initialize mono
Mono path[0] = 'C:/Program Files/Unity/Hub/Editor/2021.3.9f1/Editor/Data/Managed'
Mono path[1] = 'C:/Program Files/Unity/Hub/Editor/2021.3.9f1/Editor/Data/MonoBleedingEdge/lib/mono/unityjit-win32'
Mono config path = 'C:/Program Files/Unity/Hub/Editor/2021.3.9f1/Editor/Data/MonoBleedingEdge/etc'
Using monoOptions --debugger-agent=transport=dt_socket,embedding=1,server=y,suspend=n,address=127.0.0.1:56328
Begin MonoManager ReloadAssembly
Registering precompiled unity dll's ...
Register platform support module: C:/Program Files/Unity/Hub/Editor/2021.3.9f1/Editor/Data/PlaybackEngines/AndroidPlayer/UnityEditor.Android.Extensions.dll
Register platform support module: C:/Program Files/Unity/Hub/Editor/2021.3.9f1/Editor/Data/PlaybackEngines/iOSSupport/UnityEditor.iOS.Extensions.dll
Register platform support module: C:/Program Files/Unity/Hub/Editor/2021.3.9f1/Editor/Data/PlaybackEngines/WindowsStandaloneSupport/UnityEditor.WindowsStandalone.Extensions.dll
Registered in 0.013909 seconds.
Native extension for WindowsStandalone target not found
[usbmuxd] Start listen thread
[usbmuxd] Listen thread started
Native extension for iOS target not found
Native extension for Android target not found
Refreshing native plugins compatible for Editor in 71.11 ms, found 20 plugins.
Preloading 16 native plugins for Editor in 0.50 ms.
Mono: successfully reloaded assembly
- Completed reload, in  0.543 seconds
Domain Reload Profiling:
	ReloadAssembly (543ms)
		BeginReloadAssembly (61ms)
			ExecutionOrderSort (0ms)
			DisableScriptedObjects (0ms)
			BackupInstance (0ms)
			ReleaseScriptingObjects (0ms)
			CreateAndSetChildDomain (1ms)
		EndReloadAssembly (365ms)
			LoadAssemblies (60ms)
			RebuildTransferFunctionScriptingTraits (0ms)
			SetupTypeCache (88ms)
			ReleaseScriptCaches (0ms)
			RebuildScriptCaches (18ms)
			SetupLoadedEditorAssemblies (218ms)
				LogAssemblyErrors (0ms)
				InitializePlatformSupportModulesInManaged (47ms)
				SetLoadedEditorAssemblies (0ms)
				RefreshPlugins (72ms)
				BeforeProcessingInitializeOnLoad (1ms)
				ProcessInitializeOnLoadAttributes (68ms)
				ProcessInitializeOnLoadMethodAttributes (30ms)
				AfterProcessingInitializeOnLoad (0ms)
				EditorAssembliesLoaded (0ms)
			ExecutionOrderSort2 (0ms)
			AwakeInstancesAfterBackupRestoration (0ms)
Platform modules already initialized, skipping
Registering precompiled user dll's ...
Registered in 0.007312 seconds.
Begin MonoManager ReloadAssembly
Symbol file LoadedFromMemory doesn't match image C:\Users\aloho\AGXSample\Library\PackageCache\com.unity.visualscripting@1.7.8\Editor\VisualScripting.Core\Dependencies\YamlDotNet\Unity.VisualScripting.YamlDotNet.dll
Symbol file LoadedFromMemory doesn't match image C:\Users\aloho\AGXSample\Library\PackageCache\com.unity.visualscripting@1.7.8\Editor\VisualScripting.Core\Dependencies\DotNetZip\Unity.VisualScripting.IonicZip.dll
Native extension for WindowsStandalone target not found
Native extension for iOS target not found
Native extension for Android target not found
Refreshing native plugins compatible for Editor in 69.85 ms, found 20 plugins.
Preloading 16 native plugins for Editor in 0.55 ms.
Mono: successfully reloaded assembly
- Completed reload, in  1.321 seconds
Domain Reload Profiling:
	ReloadAssembly (1322ms)
		BeginReloadAssembly (190ms)
			ExecutionOrderSort (0ms)
			DisableScriptedObjects (4ms)
			BackupInstance (0ms)
			ReleaseScriptingObjects (0ms)
			CreateAndSetChildDomain (123ms)
		EndReloadAssembly (1062ms)
			LoadAssemblies (64ms)
			RebuildTransferFunctionScriptingTraits (0ms)
			SetupTypeCache (204ms)
			ReleaseScriptCaches (1ms)
			RebuildScriptCaches (37ms)
			SetupLoadedEditorAssemblies (724ms)
				LogAssemblyErrors (0ms)
				InitializePlatformSupportModulesInManaged (22ms)
				SetLoadedEditorAssemblies (0ms)
				RefreshPlugins (70ms)
				BeforeProcessingInitializeOnLoad (78ms)
				ProcessInitializeOnLoadAttributes (525ms)
				ProcessInitializeOnLoadMethodAttributes (19ms)
				AfterProcessingInitializeOnLoad (8ms)
				EditorAssembliesLoaded (0ms)
			ExecutionOrderSort2 (0ms)
			AwakeInstancesAfterBackupRestoration (4ms)
Platform modules already initialized, skipping
========================================================================
Worker process is ready to serve import requests
Launched and connected shader compiler UnityShaderCompiler.exe after 0.03 seconds
Refreshing native plugins compatible for Editor in 1.50 ms, found 20 plugins.
Preloading 16 native plugins for Editor in 0.77 ms.
Unloading 4097 Unused Serialized files (Serialized files now loaded: 0)
Unloading 52 unused Assets / (112.5 KB). Loaded Objects now: 4551.
Memory consumption went from 154.3 MB to 154.1 MB.
Total: 3.206800 ms (FindLiveObjects: 0.287500 ms CreateObjectMapping: 0.118800 ms MarkObjects: 2.697100 ms  DeleteObjects: 0.102800 ms)

AssetImportParameters requested are different than current active one (requested -> active):
  custom:video-decoder-ogg-theora: a1e56fd34408186e4bbccfd4996cb3dc -> 
  custom:container-muxer-webm: aa71ff27fc2769a1b78a27578f13a17b -> 
  custom:container-demuxer-webm: 4f35f7cbe854078d1ac9338744f61a02 -> 
  custom:video-encoder-webm-vp8: eb34c28f22e8b96e1ab97ce403110664 -> 
  custom:audio-encoder-webm-vorbis: bf7c407c2cedff20999df2af8eb42d56 -> 
  custom:framework-win-MediaFoundation: 216162199b28c13a410421893ffa2e32 -> 
  custom:container-demuxer-ogg: 62fdf1f143b41e24485cea50d1cbac27 -> 
  custom:video-decoder-webm-vp8: 9c59270c3fd7afecdb556c50c9e8de78 -> 
  custom:audio-decoder-ogg-vorbis: bf7c407c2cedff20999df2af8eb42d56 -> 
========================================================================
Received Prepare
Registering precompiled user dll's ...
Registered in 0.006866 seconds.
Begin MonoManager ReloadAssembly
Symbol file LoadedFromMemory doesn't match image C:\Users\aloho\AGXSample\Library\PackageCache\com.unity.visualscripting@1.7.8\Editor\VisualScripting.Core\Dependencies\YamlDotNet\Unity.VisualScripting.YamlDotNet.dll
Symbol file LoadedFromMemory doesn't match image C:\Users\aloho\AGXSample\Library\PackageCache\com.unity.visualscripting@1.7.8\Editor\VisualScripting.Core\Dependencies\DotNetZip\Unity.VisualScripting.IonicZip.dll
Native extension for WindowsStandalone target not found
Native extension for iOS target not found
Native extension for Android target not found
Refreshing native plugins compatible for Editor in 0.86 ms, found 20 plugins.
Preloading 16 native plugins for Editor in 0.50 ms.
CreateSerializedAsset is not supported while importing out-of-process
UnityEngine.StackTraceUtility:ExtractStackTrace ()
AGXUnityEditor.Manager:GetOrCreateAsset<AGXUnity.GeometryContactMergeSplitThresholds> (string,System.Func`1<AGXUnity.GeometryContactMergeSplitThresholds>) (at Assets/AGXUnity/Editor/AGXUnityEditor/Manager.cs:948)
AGXUnityEditor.Manager:CreateDefaultAssets () (at Assets/AGXUnity/Editor/AGXUnityEditor/Manager.cs:969)
AGXUnityEditor.Manager:.cctor () (at Assets/AGXUnity/Editor/AGXUnityEditor/Manager.cs:113)
System.Runtime.CompilerServices.RuntimeHelpers:RunClassConstructor (System.RuntimeTypeHandle)
UnityEditor.EditorAssemblies:ProcessInitializeOnLoadAttributes (System.Type[])

[Assets/AGXUnity/Editor/AGXUnityEditor/Manager.cs line 948]

UnityEngine.UnityException: Creating asset at path Assets/AGXUnity/Resources/MergeSplit/DefaultGeometryContactThresholds.asset failed.
  at (wrapper managed-to-native) UnityEditor.AssetDatabase.CreateAsset(UnityEngine.Object,string)
  at AGXUnityEditor.Manager.GetOrCreateAsset[T] (System.String assetPath, System.Func`1[TResult] createFunc) [0x000af] in C:\Users\aloho\AGXSample\Assets\AGXUnity\Editor\AGXUnityEditor\Manager.cs:948 
  at AGXUnityEditor.Manager.CreateDefaultAssets () [0x0004e] in C:\Users\aloho\AGXSample\Assets\AGXUnity\Editor\AGXUnityEditor\Manager.cs:969 
  at AGXUnityEditor.Manager..cctor () [0x00179] in C:\Users\aloho\AGXSample\Assets\AGXUnity\Editor\AGXUnityEditor\Manager.cs:113 
UnityEngine.StackTraceUtility:ExtractStackTrace ()
UnityEngine.DebugLogHandler:LogFormat (UnityEngine.LogType,UnityEngine.Object,string,object[])
UnityEngine.Logger:Log (UnityEngine.LogType,object)
UnityEngine.Debug:LogError (object)
UnityEditor.EditorAssemblies:ProcessInitializeOnLoadAttributes (System.Type[])

Mono: successfully reloaded assembly
- Completed reload, in  1.139 seconds
Domain Reload Profiling:
	ReloadAssembly (1140ms)
		BeginReloadAssembly (112ms)
			ExecutionOrderSort (0ms)
			DisableScriptedObjects (4ms)
			BackupInstance (0ms)
			ReleaseScriptingObjects (0ms)
			CreateAndSetChildDomain (36ms)
		EndReloadAssembly (953ms)
			LoadAssemblies (66ms)
			RebuildTransferFunctionScriptingTraits (0ms)
			SetupTypeCache (203ms)
			ReleaseScriptCaches (1ms)
			RebuildScriptCaches (29ms)
			SetupLoadedEditorAssemblies (615ms)
				LogAssemblyErrors (0ms)
				InitializePlatformSupportModulesInManaged (23ms)
				SetLoadedEditorAssemblies (0ms)
				RefreshPlugins (1ms)
				BeforeProcessingInitializeOnLoad (50ms)
				ProcessInitializeOnLoadAttributes (512ms)
				ProcessInitializeOnLoadMethodAttributes (21ms)
				AfterProcessingInitializeOnLoad (8ms)
				EditorAssembliesLoaded (0ms)
			ExecutionOrderSort2 (0ms)
			AwakeInstancesAfterBackupRestoration (4ms)
Platform modules already initialized, skipping
Refreshing native plugins compatible for Editor in 4.91 ms, found 20 plugins.
Preloading 16 native plugins for Editor in 0.64 ms.
Unloading 4089 Unused Serialized files (Serialized files now loaded: 0)
Unloading 40 unused Assets / (79.2 KB). Loaded Objects now: 4555.
Memory consumption went from 154.2 MB to 154.2 MB.
Total: 3.100000 ms (FindLiveObjects: 0.292200 ms CreateObjectMapping: 0.084100 ms MarkObjects: 2.634800 ms  DeleteObjects: 0.088100 ms)

AssetImportParameters requested are different than current active one (requested -> active):
  custom:video-decoder-ogg-theora: a1e56fd34408186e4bbccfd4996cb3dc -> 
  custom:container-muxer-webm: aa71ff27fc2769a1b78a27578f13a17b -> 
  custom:container-demuxer-webm: 4f35f7cbe854078d1ac9338744f61a02 -> 
  custom:video-encoder-webm-vp8: eb34c28f22e8b96e1ab97ce403110664 -> 
  custom:audio-encoder-webm-vorbis: bf7c407c2cedff20999df2af8eb42d56 -> 
  custom:framework-win-MediaFoundation: 216162199b28c13a410421893ffa2e32 -> 
  custom:container-demuxer-ogg: 62fdf1f143b41e24485cea50d1cbac27 -> 
  custom:video-decoder-webm-vp8: 9c59270c3fd7afecdb556c50c9e8de78 -> 
  custom:audio-decoder-ogg-vorbis: bf7c407c2cedff20999df2af8eb42d56 -> 
========================================================================
Received Prepare
Refreshing native plugins compatible for Editor in 8.11 ms, found 20 plugins.
Preloading 16 native plugins for Editor in 0.46 ms.
Unloading 40 Unused Serialized files (Serialized files now loaded: 0)
Unloading 40 unused Assets / (76.2 KB). Loaded Objects now: 4555.
Memory consumption went from 73.3 MB to 73.2 MB.
Total: 2.795100 ms (FindLiveObjects: 0.286500 ms CreateObjectMapping: 0.096100 ms MarkObjects: 2.337400 ms  DeleteObjects: 0.074700 ms)

AssetImportParameters requested are different than current active one (requested -> active):
  custom:video-decoder-ogg-theora: a1e56fd34408186e4bbccfd4996cb3dc -> 
  custom:container-muxer-webm: aa71ff27fc2769a1b78a27578f13a17b -> 
  custom:container-demuxer-webm: 4f35f7cbe854078d1ac9338744f61a02 -> 
  custom:video-encoder-webm-vp8: eb34c28f22e8b96e1ab97ce403110664 -> 
  custom:audio-encoder-webm-vorbis: bf7c407c2cedff20999df2af8eb42d56 -> 
  custom:framework-win-MediaFoundation: 216162199b28c13a410421893ffa2e32 -> 
  custom:SearchIndexIgnoredProperties: e643bd26f0fe6173181afceb89e7c659 -> 
  custom:container-demuxer-ogg: 62fdf1f143b41e24485cea50d1cbac27 -> 
  custom:video-decoder-webm-vp8: 9c59270c3fd7afecdb556c50c9e8de78 -> 
  custom:audio-decoder-ogg-vorbis: bf7c407c2cedff20999df2af8eb42d56 -> 
========================================================================
Received Import Request.
  Time since last request: 774508.480104 seconds.
  path: Assets
  artifactKey: Guid(00000000000000001000000000000000) Importer(815301076,1909f56bfc062723c751e8b465ee728b)
Start importing Assets using Guid(00000000000000001000000000000000) Importer(815301076,1909f56bfc062723c751e8b465ee728b)  -> (artifact id: '79842766b460edbeab6a34051e857a80') in 0.005843 seconds 
========================================================================
Received Import Request.
  Time since last request: 7.260081 seconds.
  path: Assets/New Material.mat
  artifactKey: Guid(952b83d6559605842ae224c127e9f4a9) Importer(815301076,1909f56bfc062723c751e8b465ee728b)
Start importing Assets/New Material.mat using Guid(952b83d6559605842ae224c127e9f4a9) Importer(815301076,1909f56bfc062723c751e8b465ee728b)  -> (artifact id: '459eeb6b3228696f2393e986add2cdd9') in 0.081231 seconds 
========================================================================
Received Import Request.
  Time since last request: 49.905966 seconds.
  path: Assets/New Physic Material.physicMaterial
  artifactKey: Guid(55463d0847c06804199d6c5ab45c0128) Importer(815301076,1909f56bfc062723c751e8b465ee728b)
Start importing Assets/New Physic Material.physicMaterial using Guid(55463d0847c06804199d6c5ab45c0128) Importer(815301076,1909f56bfc062723c751e8b465ee728b)  -> (artifact id: 'cda05fb10d9a53c7f0b3f1a449b5d477') in 0.006273 seconds 
========================================================================
Received Prepare
Registering precompiled user dll's ...
Registered in 0.007544 seconds.
Begin MonoManager ReloadAssembly
Symbol file LoadedFromMemory doesn't match image C:\Users\aloho\AGXSample\Library\PackageCache\com.unity.visualscripting@1.7.8\Editor\VisualScripting.Core\Dependencies\YamlDotNet\Unity.VisualScripting.YamlDotNet.dll
Symbol file LoadedFromMemory doesn't match image C:\Users\aloho\AGXSample\Library\PackageCache\com.unity.visualscripting@1.7.8\Editor\VisualScripting.Core\Dependencies\DotNetZip\Unity.VisualScripting.IonicZip.dll
Native extension for WindowsStandalone target not found
Native extension for iOS target not found
Native extension for Android target not found
Refreshing native plugins compatible for Editor in 0.85 ms, found 20 plugins.
Preloading 16 native plugins for Editor in 0.51 ms.
CreateSerializedAsset is not supported while importing out-of-process
UnityEngine.StackTraceUtility:ExtractStackTrace ()
AGXUnityEditor.Manager:GetOrCreateAsset<AGXUnity.GeometryContactMergeSplitThresholds> (string,System.Func`1<AGXUnity.GeometryContactMergeSplitThresholds>) (at Assets/AGXUnity/Editor/AGXUnityEditor/Manager.cs:948)
AGXUnityEditor.Manager:CreateDefaultAssets () (at Assets/AGXUnity/Editor/AGXUnityEditor/Manager.cs:969)
AGXUnityEditor.Manager:.cctor () (at Assets/AGXUnity/Editor/AGXUnityEditor/Manager.cs:113)
System.Runtime.CompilerServices.RuntimeHelpers:RunClassConstructor (System.RuntimeTypeHandle)
UnityEditor.EditorAssemblies:ProcessInitializeOnLoadAttributes (System.Type[])

[Assets/AGXUnity/Editor/AGXUnityEditor/Manager.cs line 948]

UnityEngine.UnityException: Creating asset at path Assets/AGXUnity/Resources/MergeSplit/DefaultGeometryContactThresholds.asset failed.
  at (wrapper managed-to-native) UnityEditor.AssetDatabase.CreateAsset(UnityEngine.Object,string)
  at AGXUnityEditor.Manager.GetOrCreateAsset[T] (System.String assetPath, System.Func`1[TResult] createFunc) [0x000af] in C:\Users\aloho\AGXSample\Assets\AGXUnity\Editor\AGXUnityEditor\Manager.cs:948 
  at AGXUnityEditor.Manager.CreateDefaultAssets () [0x0004e] in C:\Users\aloho\AGXSample\Assets\AGXUnity\Editor\AGXUnityEditor\Manager.cs:969 
  at AGXUnityEditor.Manager..cctor () [0x00179] in C:\Users\aloho\AGXSample\Assets\AGXUnity\Editor\AGXUnityEditor\Manager.cs:113 
UnityEngine.StackTraceUtility:ExtractStackTrace ()
UnityEngine.DebugLogHandler:LogFormat (UnityEngine.LogType,UnityEngine.Object,string,object[])
UnityEngine.Logger:Log (UnityEngine.LogType,object)
UnityEngine.Debug:LogError (object)
UnityEditor.EditorAssemblies:ProcessInitializeOnLoadAttributes (System.Type[])

Mono: successfully reloaded assembly
- Completed reload, in  1.108 seconds
Domain Reload Profiling:
	ReloadAssembly (1108ms)
		BeginReloadAssembly (109ms)
			ExecutionOrderSort (0ms)
			DisableScriptedObjects (3ms)
			BackupInstance (0ms)
			ReleaseScriptingObjects (0ms)
			CreateAndSetChildDomain (36ms)
		EndReloadAssembly (926ms)
			LoadAssemblies (65ms)
			RebuildTransferFunctionScriptingTraits (0ms)
			SetupTypeCache (202ms)
			ReleaseScriptCaches (1ms)
			RebuildScriptCaches (29ms)
			SetupLoadedEditorAssemblies (594ms)
				LogAssemblyErrors (0ms)
				InitializePlatformSupportModulesInManaged (23ms)
				SetLoadedEditorAssemblies (0ms)
				RefreshPlugins (1ms)
				BeforeProcessingInitializeOnLoad (49ms)
				ProcessInitializeOnLoadAttributes (492ms)
				ProcessInitializeOnLoadMethodAttributes (20ms)
				AfterProcessingInitializeOnLoad (7ms)
				EditorAssembliesLoaded (0ms)
			ExecutionOrderSort2 (0ms)
			AwakeInstancesAfterBackupRestoration (4ms)
Platform modules already initialized, skipping
Refreshing native plugins compatible for Editor in 4.88 ms, found 20 plugins.
Preloading 16 native plugins for Editor in 0.48 ms.
Unloading 4089 Unused Serialized files (Serialized files now loaded: 0)
Unloading 40 unused Assets / (78.8 KB). Loaded Objects now: 4599.
Memory consumption went from 158.9 MB to 158.8 MB.
Total: 2.801500 ms (FindLiveObjects: 0.275600 ms CreateObjectMapping: 0.095100 ms MarkObjects: 2.344600 ms  DeleteObjects: 0.085600 ms)

AssetImportParameters requested are different than current active one (requested -> active):
  custom:video-decoder-ogg-theora: a1e56fd34408186e4bbccfd4996cb3dc -> 
  custom:container-muxer-webm: aa71ff27fc2769a1b78a27578f13a17b -> 
  custom:container-demuxer-webm: 4f35f7cbe854078d1ac9338744f61a02 -> 
  custom:video-encoder-webm-vp8: eb34c28f22e8b96e1ab97ce403110664 -> 
  custom:audio-encoder-webm-vorbis: bf7c407c2cedff20999df2af8eb42d56 -> 
  custom:framework-win-MediaFoundation: 216162199b28c13a410421893ffa2e32 -> 
  custom:SearchIndexIgnoredProperties: e643bd26f0fe6173181afceb89e7c659 -> 
  custom:container-demuxer-ogg: 62fdf1f143b41e24485cea50d1cbac27 -> 
  custom:video-decoder-webm-vp8: 9c59270c3fd7afecdb556c50c9e8de78 -> 
  custom:audio-decoder-ogg-vorbis: bf7c407c2cedff20999df2af8eb42d56 -> 
========================================================================
Received Prepare
Registering precompiled user dll's ...
Registered in 0.007849 seconds.
Begin MonoManager ReloadAssembly
Symbol file LoadedFromMemory doesn't match image C:\Users\aloho\AGXSample\Library\PackageCache\com.unity.visualscripting@1.7.8\Editor\VisualScripting.Core\Dependencies\YamlDotNet\Unity.VisualScripting.YamlDotNet.dll
Symbol file LoadedFromMemory doesn't match image C:\Users\aloho\AGXSample\Library\PackageCache\com.unity.visualscripting@1.7.8\Editor\VisualScripting.Core\Dependencies\DotNetZip\Unity.VisualScripting.IonicZip.dll
Native extension for WindowsStandalone target not found
Native extension for iOS target not found
Native extension for Android target not found
Refreshing native plugins compatible for Editor in 0.84 ms, found 20 plugins.
Preloading 16 native plugins for Editor in 0.52 ms.
CreateSerializedAsset is not supported while importing out-of-process
UnityEngine.StackTraceUtility:ExtractStackTrace ()
AGXUnityEditor.Manager:GetOrCreateAsset<AGXUnity.GeometryContactMergeSplitThresholds> (string,System.Func`1<AGXUnity.GeometryContactMergeSplitThresholds>) (at Assets/AGXUnity/Editor/AGXUnityEditor/Manager.cs:948)
AGXUnityEditor.Manager:CreateDefaultAssets () (at Assets/AGXUnity/Editor/AGXUnityEditor/Manager.cs:969)
AGXUnityEditor.Manager:.cctor () (at Assets/AGXUnity/Editor/AGXUnityEditor/Manager.cs:113)
System.Runtime.CompilerServices.RuntimeHelpers:RunClassConstructor (System.RuntimeTypeHandle)
UnityEditor.EditorAssemblies:ProcessInitializeOnLoadAttributes (System.Type[])

[Assets/AGXUnity/Editor/AGXUnityEditor/Manager.cs line 948]

UnityEngine.UnityException: Creating asset at path Assets/AGXUnity/Resources/MergeSplit/DefaultGeometryContactThresholds.asset failed.
  at (wrapper managed-to-native) UnityEditor.AssetDatabase.CreateAsset(UnityEngine.Object,string)
  at AGXUnityEditor.Manager.GetOrCreateAsset[T] (System.String assetPath, System.Func`1[TResult] createFunc) [0x000af] in C:\Users\aloho\AGXSample\Assets\AGXUnity\Editor\AGXUnityEditor\Manager.cs:948 
  at AGXUnityEditor.Manager.CreateDefaultAssets () [0x0004e] in C:\Users\aloho\AGXSample\Assets\AGXUnity\Editor\AGXUnityEditor\Manager.cs:969 
  at AGXUnityEditor.Manager..cctor () [0x00179] in C:\Users\aloho\AGXSample\Assets\AGXUnity\Editor\AGXUnityEditor\Manager.cs:113 
UnityEngine.StackTraceUtility:ExtractStackTrace ()
UnityEngine.DebugLogHandler:LogFormat (UnityEngine.LogType,UnityEngine.Object,string,object[])
UnityEngine.Logger:Log (UnityEngine.LogType,object)
UnityEngine.Debug:LogError (object)
UnityEditor.EditorAssemblies:ProcessInitializeOnLoadAttributes (System.Type[])

Mono: successfully reloaded assembly
- Completed reload, in  1.098 seconds
Domain Reload Profiling:
	ReloadAssembly (1099ms)
		BeginReloadAssembly (110ms)
			ExecutionOrderSort (0ms)
			DisableScriptedObjects (4ms)
			BackupInstance (0ms)
			ReleaseScriptingObjects (0ms)
			CreateAndSetChildDomain (34ms)
		EndReloadAssembly (919ms)
			LoadAssemblies (63ms)
			RebuildTransferFunctionScriptingTraits (0ms)
			SetupTypeCache (191ms)
			ReleaseScriptCaches (1ms)
			RebuildScriptCaches (28ms)
			SetupLoadedEditorAssemblies (600ms)
				LogAssemblyErrors (0ms)
				InitializePlatformSupportModulesInManaged (24ms)
				SetLoadedEditorAssemblies (0ms)
				RefreshPlugins (1ms)
				BeforeProcessingInitializeOnLoad (50ms)
				ProcessInitializeOnLoadAttributes (497ms)
				ProcessInitializeOnLoadMethodAttributes (19ms)
				AfterProcessingInitializeOnLoad (8ms)
				EditorAssembliesLoaded (0ms)
			ExecutionOrderSort2 (0ms)
			AwakeInstancesAfterBackupRestoration (4ms)
Platform modules already initialized, skipping
Refreshing native plugins compatible for Editor in 5.37 ms, found 20 plugins.
Preloading 16 native plugins for Editor in 0.51 ms.
Unloading 4089 Unused Serialized files (Serialized files now loaded: 0)
Unloading 40 unused Assets / (78.8 KB). Loaded Objects now: 4603.
Memory consumption went from 158.9 MB to 158.8 MB.
Total: 2.862300 ms (FindLiveObjects: 0.259800 ms CreateObjectMapping: 0.079800 ms MarkObjects: 2.438600 ms  DeleteObjects: 0.083500 ms)

AssetImportParameters requested are different than current active one (requested -> active):
  custom:video-decoder-ogg-theora: a1e56fd34408186e4bbccfd4996cb3dc -> 
  custom:container-muxer-webm: aa71ff27fc2769a1b78a27578f13a17b -> 
  custom:container-demuxer-webm: 4f35f7cbe854078d1ac9338744f61a02 -> 
  custom:video-encoder-webm-vp8: eb34c28f22e8b96e1ab97ce403110664 -> 
  custom:audio-encoder-webm-vorbis: bf7c407c2cedff20999df2af8eb42d56 -> 
  custom:framework-win-MediaFoundation: 216162199b28c13a410421893ffa2e32 -> 
  custom:SearchIndexIgnoredProperties: e643bd26f0fe6173181afceb89e7c659 -> 
  custom:container-demuxer-ogg: 62fdf1f143b41e24485cea50d1cbac27 -> 
  custom:video-decoder-webm-vp8: 9c59270c3fd7afecdb556c50c9e8de78 -> 
  custom:audio-decoder-ogg-vorbis: bf7c407c2cedff20999df2af8eb42d56 -> 
========================================================================
Received Prepare
Registering precompiled user dll's ...
Registered in 0.007970 seconds.
Begin MonoManager ReloadAssembly
Symbol file LoadedFromMemory doesn't match image C:\Users\aloho\AGXSample\Library\PackageCache\com.unity.visualscripting@1.7.8\Editor\VisualScripting.Core\Dependencies\YamlDotNet\Unity.VisualScripting.YamlDotNet.dll
Symbol file LoadedFromMemory doesn't match image C:\Users\aloho\AGXSample\Library\PackageCache\com.unity.visualscripting@1.7.8\Editor\VisualScripting.Core\Dependencies\DotNetZip\Unity.VisualScripting.IonicZip.dll
Native extension for WindowsStandalone target not found
Native extension for iOS target not found
Native extension for Android target not found
Refreshing native plugins compatible for Editor in 0.71 ms, found 20 plugins.
Preloading 16 native plugins for Editor in 0.47 ms.
CreateSerializedAsset is not supported while importing out-of-process
UnityEngine.StackTraceUtility:ExtractStackTrace ()
AGXUnityEditor.Manager:GetOrCreateAsset<AGXUnity.GeometryContactMergeSplitThresholds> (string,System.Func`1<AGXUnity.GeometryContactMergeSplitThresholds>) (at Assets/AGXUnity/Editor/AGXUnityEditor/Manager.cs:948)
AGXUnityEditor.Manager:CreateDefaultAssets () (at Assets/AGXUnity/Editor/AGXUnityEditor/Manager.cs:969)
AGXUnityEditor.Manager:.cctor () (at Assets/AGXUnity/Editor/AGXUnityEditor/Manager.cs:113)
System.Runtime.CompilerServices.RuntimeHelpers:RunClassConstructor (System.RuntimeTypeHandle)
UnityEditor.EditorAssemblies:ProcessInitializeOnLoadAttributes (System.Type[])

[Assets/AGXUnity/Editor/AGXUnityEditor/Manager.cs line 948]

UnityEngine.UnityException: Creating asset at path Assets/AGXUnity/Resources/MergeSplit/DefaultGeometryContactThresholds.asset failed.
  at (wrapper managed-to-native) UnityEditor.AssetDatabase.CreateAsset(UnityEngine.Object,string)
  at AGXUnityEditor.Manager.GetOrCreateAsset[T] (System.String assetPath, System.Func`1[TResult] createFunc) [0x000af] in C:\Users\aloho\AGXSample\Assets\AGXUnity\Editor\AGXUnityEditor\Manager.cs:948 
  at AGXUnityEditor.Manager.CreateDefaultAssets () [0x0004e] in C:\Users\aloho\AGXSample\Assets\AGXUnity\Editor\AGXUnityEditor\Manager.cs:969 
  at AGXUnityEditor.Manager..cctor () [0x00179] in C:\Users\aloho\AGXSample\Assets\AGXUnity\Editor\AGXUnityEditor\Manager.cs:113 
UnityEngine.StackTraceUtility:ExtractStackTrace ()
UnityEngine.DebugLogHandler:LogFormat (UnityEngine.LogType,UnityEngine.Object,string,object[])
UnityEngine.Logger:Log (UnityEngine.LogType,object)
UnityEngine.Debug:LogError (object)
UnityEditor.EditorAssemblies:ProcessInitializeOnLoadAttributes (System.Type[])

Mono: successfully reloaded assembly
- Completed reload, in  1.117 seconds
Domain Reload Profiling:
	ReloadAssembly (1118ms)
		BeginReloadAssembly (111ms)
			ExecutionOrderSort (0ms)
			DisableScriptedObjects (4ms)
			BackupInstance (0ms)
			ReleaseScriptingObjects (0ms)
			CreateAndSetChildDomain (36ms)
		EndReloadAssembly (935ms)
			LoadAssemblies (63ms)
			RebuildTransferFunctionScriptingTraits (0ms)
			SetupTypeCache (194ms)
			ReleaseScriptCaches (1ms)
			RebuildScriptCaches (29ms)
			SetupLoadedEditorAssemblies (604ms)
				LogAssemblyErrors (0ms)
				InitializePlatformSupportModulesInManaged (23ms)
				SetLoadedEditorAssemblies (0ms)
				RefreshPlugins (1ms)
				BeforeProcessingInitializeOnLoad (51ms)
				ProcessInitializeOnLoadAttributes (500ms)
				ProcessInitializeOnLoadMethodAttributes (21ms)
				AfterProcessingInitializeOnLoad (7ms)
				EditorAssembliesLoaded (0ms)
			ExecutionOrderSort2 (0ms)
			AwakeInstancesAfterBackupRestoration (5ms)
Platform modules already initialized, skipping
Refreshing native plugins compatible for Editor in 5.19 ms, found 20 plugins.
Preloading 16 native plugins for Editor in 0.52 ms.
Unloading 4089 Unused Serialized files (Serialized files now loaded: 0)
Unloading 40 unused Assets / (79.0 KB). Loaded Objects now: 4607.
Memory consumption went from 158.9 MB to 158.8 MB.
Total: 2.795800 ms (FindLiveObjects: 0.284700 ms CreateObjectMapping: 0.093800 ms MarkObjects: 2.313000 ms  DeleteObjects: 0.103400 ms)

AssetImportParameters requested are different than current active one (requested -> active):
  custom:video-decoder-ogg-theora: a1e56fd34408186e4bbccfd4996cb3dc -> 
  custom:container-muxer-webm: aa71ff27fc2769a1b78a27578f13a17b -> 
  custom:container-demuxer-webm: 4f35f7cbe854078d1ac9338744f61a02 -> 
  custom:video-encoder-webm-vp8: eb34c28f22e8b96e1ab97ce403110664 -> 
  custom:audio-encoder-webm-vorbis: bf7c407c2cedff20999df2af8eb42d56 -> 
  custom:framework-win-MediaFoundation: 216162199b28c13a410421893ffa2e32 -> 
  custom:SearchIndexIgnoredProperties: e643bd26f0fe6173181afceb89e7c659 -> 
  custom:container-demuxer-ogg: 62fdf1f143b41e24485cea50d1cbac27 -> 
  custom:video-decoder-webm-vp8: 9c59270c3fd7afecdb556c50c9e8de78 -> 
  custom:audio-decoder-ogg-vorbis: bf7c407c2cedff20999df2af8eb42d56 -> 
========================================================================
Received Import Request.
  Time since last request: 107.456513 seconds.
  path: Assets/New Physic Material.physicMaterial
  artifactKey: Guid(55463d0847c06804199d6c5ab45c0128) Importer(815301076,1909f56bfc062723c751e8b465ee728b)
Start importing Assets/New Physic Material.physicMaterial using Guid(55463d0847c06804199d6c5ab45c0128) Importer(815301076,1909f56bfc062723c751e8b465ee728b)  -> (artifact id: '5a2321d70886a76809bf6558be25c841') in 0.015017 seconds 
========================================================================
Received Prepare
Registering precompiled user dll's ...
Registered in 0.006905 seconds.
Begin MonoManager ReloadAssembly
Symbol file LoadedFromMemory doesn't match image C:\Users\aloho\AGXSample\Library\PackageCache\com.unity.visualscripting@1.7.8\Editor\VisualScripting.Core\Dependencies\YamlDotNet\Unity.VisualScripting.YamlDotNet.dll
Symbol file LoadedFromMemory doesn't match image C:\Users\aloho\AGXSample\Library\PackageCache\com.unity.visualscripting@1.7.8\Editor\VisualScripting.Core\Dependencies\DotNetZip\Unity.VisualScripting.IonicZip.dll
Native extension for WindowsStandalone target not found
Native extension for iOS target not found
Native extension for Android target not found
Refreshing native plugins compatible for Editor in 0.85 ms, found 20 plugins.
Preloading 16 native plugins for Editor in 0.50 ms.
CreateSerializedAsset is not supported while importing out-of-process
UnityEngine.StackTraceUtility:ExtractStackTrace ()
AGXUnityEditor.Manager:GetOrCreateAsset<AGXUnity.GeometryContactMergeSplitThresholds> (string,System.Func`1<AGXUnity.GeometryContactMergeSplitThresholds>) (at Assets/AGXUnity/Editor/AGXUnityEditor/Manager.cs:948)
AGXUnityEditor.Manager:CreateDefaultAssets () (at Assets/AGXUnity/Editor/AGXUnityEditor/Manager.cs:969)
AGXUnityEditor.Manager:.cctor () (at Assets/AGXUnity/Editor/AGXUnityEditor/Manager.cs:113)
System.Runtime.CompilerServices.RuntimeHelpers:RunClassConstructor (System.RuntimeTypeHandle)
UnityEditor.EditorAssemblies:ProcessInitializeOnLoadAttributes (System.Type[])

[Assets/AGXUnity/Editor/AGXUnityEditor/Manager.cs line 948]

UnityEngine.UnityException: Creating asset at path Assets/AGXUnity/Resources/MergeSplit/DefaultGeometryContactThresholds.asset failed.
  at (wrapper managed-to-native) UnityEditor.AssetDatabase.CreateAsset(UnityEngine.Object,string)
  at AGXUnityEditor.Manager.GetOrCreateAsset[T] (System.String assetPath, System.Func`1[TResult] createFunc) [0x000af] in C:\Users\aloho\AGXSample\Assets\AGXUnity\Editor\AGXUnityEditor\Manager.cs:948 
  at AGXUnityEditor.Manager.CreateDefaultAssets () [0x0004e] in C:\Users\aloho\AGXSample\Assets\AGXUnity\Editor\AGXUnityEditor\Manager.cs:969 
  at AGXUnityEditor.Manager..cctor () [0x00179] in C:\Users\aloho\AGXSample\Assets\AGXUnity\Editor\AGXUnityEditor\Manager.cs:113 
UnityEngine.StackTraceUtility:ExtractStackTrace ()
UnityEngine.DebugLogHandler:LogFormat (UnityEngine.LogType,UnityEngine.Object,string,object[])
UnityEngine.Logger:Log (UnityEngine.LogType,object)
UnityEngine.Debug:LogError (object)
UnityEditor.EditorAssemblies:ProcessInitializeOnLoadAttributes (System.Type[])

Mono: successfully reloaded assembly
- Completed reload, in  1.126 seconds
Domain Reload Profiling:
	ReloadAssembly (1127ms)
		BeginReloadAssembly (109ms)
			ExecutionOrderSort (0ms)
			DisableScriptedObjects (4ms)
			BackupInstance (0ms)
			ReleaseScriptingObjects (0ms)
			CreateAndSetChildDomain (34ms)
		EndReloadAssembly (948ms)
			LoadAssemblies (66ms)
			RebuildTransferFunctionScriptingTraits (0ms)
			SetupTypeCache (191ms)
			ReleaseScriptCaches (1ms)
			RebuildScriptCaches (29ms)
			SetupLoadedEditorAssemblies (626ms)
				LogAssemblyErrors (0ms)
				InitializePlatformSupportModulesInManaged (26ms)
				SetLoadedEditorAssemblies (0ms)
				RefreshPlugins (1ms)
				BeforeProcessingInitializeOnLoad (53ms)
				ProcessInitializeOnLoadAttributes (517ms)
				ProcessInitializeOnLoadMethodAttributes (20ms)
				AfterProcessingInitializeOnLoad (7ms)
				EditorAssembliesLoaded (0ms)
			ExecutionOrderSort2 (0ms)
			AwakeInstancesAfterBackupRestoration (4ms)
Platform modules already initialized, skipping
Refreshing native plugins compatible for Editor in 5.28 ms, found 20 plugins.
Preloading 16 native plugins for Editor in 0.52 ms.
Unloading 4089 Unused Serialized files (Serialized files now loaded: 0)
Unloading 40 unused Assets / (78.8 KB). Loaded Objects now: 4611.
Memory consumption went from 158.9 MB to 158.8 MB.
Total: 3.041000 ms (FindLiveObjects: 0.454900 ms CreateObjectMapping: 0.109200 ms MarkObjects: 2.393800 ms  DeleteObjects: 0.082400 ms)

AssetImportParameters requested are different than current active one (requested -> active):
  custom:video-decoder-ogg-theora: a1e56fd34408186e4bbccfd4996cb3dc -> 
  custom:container-muxer-webm: aa71ff27fc2769a1b78a27578f13a17b -> 
  custom:container-demuxer-webm: 4f35f7cbe854078d1ac9338744f61a02 -> 
  custom:video-encoder-webm-vp8: eb34c28f22e8b96e1ab97ce403110664 -> 
  custom:audio-encoder-webm-vorbis: bf7c407c2cedff20999df2af8eb42d56 -> 
  custom:framework-win-MediaFoundation: 216162199b28c13a410421893ffa2e32 -> 
  custom:SearchIndexIgnoredProperties: e643bd26f0fe6173181afceb89e7c659 -> 
  custom:container-demuxer-ogg: 62fdf1f143b41e24485cea50d1cbac27 -> 
  custom:video-decoder-webm-vp8: 9c59270c3fd7afecdb556c50c9e8de78 -> 
  custom:audio-decoder-ogg-vorbis: bf7c407c2cedff20999df2af8eb42d56 -> 
========================================================================
Received Prepare
Registering precompiled user dll's ...
Registered in 0.006706 seconds.
Begin MonoManager ReloadAssembly
Symbol file LoadedFromMemory doesn't match image C:\Users\aloho\AGXSample\Library\PackageCache\com.unity.visualscripting@1.7.8\Editor\VisualScripting.Core\Dependencies\YamlDotNet\Unity.VisualScripting.YamlDotNet.dll
Symbol file LoadedFromMemory doesn't match image C:\Users\aloho\AGXSample\Library\PackageCache\com.unity.visualscripting@1.7.8\Editor\VisualScripting.Core\Dependencies\DotNetZip\Unity.VisualScripting.IonicZip.dll
Native extension for WindowsStandalone target not found
Native extension for iOS target not found
Native extension for Android target not found
Refreshing native plugins compatible for Editor in 0.67 ms, found 20 plugins.
Preloading 16 native plugins for Editor in 0.45 ms.
CreateSerializedAsset is not supported while importing out-of-process
UnityEngine.StackTraceUtility:ExtractStackTrace ()
AGXUnityEditor.Manager:GetOrCreateAsset<AGXUnity.GeometryContactMergeSplitThresholds> (string,System.Func`1<AGXUnity.GeometryContactMergeSplitThresholds>) (at Assets/AGXUnity/Editor/AGXUnityEditor/Manager.cs:948)
AGXUnityEditor.Manager:CreateDefaultAssets () (at Assets/AGXUnity/Editor/AGXUnityEditor/Manager.cs:969)
AGXUnityEditor.Manager:.cctor () (at Assets/AGXUnity/Editor/AGXUnityEditor/Manager.cs:113)
System.Runtime.CompilerServices.RuntimeHelpers:RunClassConstructor (System.RuntimeTypeHandle)
UnityEditor.EditorAssemblies:ProcessInitializeOnLoadAttributes (System.Type[])

[Assets/AGXUnity/Editor/AGXUnityEditor/Manager.cs line 948]

UnityEngine.UnityException: Creating asset at path Assets/AGXUnity/Resources/MergeSplit/DefaultGeometryContactThresholds.asset failed.
  at (wrapper managed-to-native) UnityEditor.AssetDatabase.CreateAsset(UnityEngine.Object,string)
  at AGXUnityEditor.Manager.GetOrCreateAsset[T] (System.String assetPath, System.Func`1[TResult] createFunc) [0x000af] in C:\Users\aloho\AGXSample\Assets\AGXUnity\Editor\AGXUnityEditor\Manager.cs:948 
  at AGXUnityEditor.Manager.CreateDefaultAssets () [0x0004e] in C:\Users\aloho\AGXSample\Assets\AGXUnity\Editor\AGXUnityEditor\Manager.cs:969 
  at AGXUnityEditor.Manager..cctor () [0x00179] in C:\Users\aloho\AGXSample\Assets\AGXUnity\Editor\AGXUnityEditor\Manager.cs:113 
UnityEngine.StackTraceUtility:ExtractStackTrace ()
UnityEngine.DebugLogHandler:LogFormat (UnityEngine.LogType,UnityEngine.Object,string,object[])
UnityEngine.Logger:Log (UnityEngine.LogType,object)
UnityEngine.Debug:LogError (object)
UnityEditor.EditorAssemblies:ProcessInitializeOnLoadAttributes (System.Type[])

Mono: successfully reloaded assembly
- Completed reload, in  1.109 seconds
Domain Reload Profiling:
	ReloadAssembly (1110ms)
		BeginReloadAssembly (108ms)
			ExecutionOrderSort (0ms)
			DisableScriptedObjects (4ms)
			BackupInstance (0ms)
			ReleaseScriptingObjects (0ms)
			CreateAndSetChildDomain (34ms)
		EndReloadAssembly (929ms)
			LoadAssemblies (64ms)
			RebuildTransferFunctionScriptingTraits (0ms)
			SetupTypeCache (194ms)
			ReleaseScriptCaches (1ms)
			RebuildScriptCaches (27ms)
			SetupLoadedEditorAssemblies (608ms)
				LogAssemblyErrors (0ms)
				InitializePlatformSupportModulesInManaged (23ms)
				SetLoadedEditorAssemblies (0ms)
				RefreshPlugins (1ms)
				BeforeProcessingInitializeOnLoad (51ms)
				ProcessInitializeOnLoadAttributes (509ms)
				ProcessInitializeOnLoadMethodAttributes (18ms)
				AfterProcessingInitializeOnLoad (7ms)
				EditorAssembliesLoaded (0ms)
			ExecutionOrderSort2 (0ms)
			AwakeInstancesAfterBackupRestoration (4ms)
Platform modules already initialized, skipping
Refreshing native plugins compatible for Editor in 4.58 ms, found 20 plugins.
Preloading 16 native plugins for Editor in 0.45 ms.
Unloading 4089 Unused Serialized files (Serialized files now loaded: 0)
Unloading 40 unused Assets / (78.9 KB). Loaded Objects now: 4615.
Memory consumption went from 158.9 MB to 158.8 MB.
Total: 2.782900 ms (FindLiveObjects: 0.296500 ms CreateObjectMapping: 0.084000 ms MarkObjects: 2.320000 ms  DeleteObjects: 0.081600 ms)

AssetImportParameters requested are different than current active one (requested -> active):
  custom:video-decoder-ogg-theora: a1e56fd34408186e4bbccfd4996cb3dc -> 
  custom:container-muxer-webm: aa71ff27fc2769a1b78a27578f13a17b -> 
  custom:container-demuxer-webm: 4f35f7cbe854078d1ac9338744f61a02 -> 
  custom:video-encoder-webm-vp8: eb34c28f22e8b96e1ab97ce403110664 -> 
  custom:audio-encoder-webm-vorbis: bf7c407c2cedff20999df2af8eb42d56 -> 
  custom:framework-win-MediaFoundation: 216162199b28c13a410421893ffa2e32 -> 
  custom:SearchIndexIgnoredProperties: e643bd26f0fe6173181afceb89e7c659 -> 
  custom:container-demuxer-ogg: 62fdf1f143b41e24485cea50d1cbac27 -> 
  custom:video-decoder-webm-vp8: 9c59270c3fd7afecdb556c50c9e8de78 -> 
  custom:audio-decoder-ogg-vorbis: bf7c407c2cedff20999df2af8eb42d56 -> 
========================================================================
Received Import Request.
  Time since last request: 643.196436 seconds.
  path: Assets/AGXUnity_ExamplesWindow/Editor/Images/AGXUnity_ArticulatedRobot.png
  artifactKey: Guid(f2cb1563767992946b9b89fdb804bc22) Importer(815301076,1909f56bfc062723c751e8b465ee728b)
Start importing Assets/AGXUnity_ExamplesWindow/Editor/Images/AGXUnity_ArticulatedRobot.png using Guid(f2cb1563767992946b9b89fdb804bc22) Importer(815301076,1909f56bfc062723c751e8b465ee728b)  -> (artifact id: '39dd866b17c1f1e409b241fbe7b72757') in 0.091897 seconds 
========================================================================
Received Import Request.
  Time since last request: 1.159220 seconds.
  path: Assets/AGXUnity/Resources/Input/AGXUnityInputControls.inputactions
  artifactKey: Guid(a2f22741caf34894cbf88b5e30954a03) Importer(815301076,1909f56bfc062723c751e8b465ee728b)
Start importing Assets/AGXUnity/Resources/Input/AGXUnityInputControls.inputactions using Guid(a2f22741caf34894cbf88b5e30954a03) Importer(815301076,1909f56bfc062723c751e8b465ee728b)  -> (artifact id: 'a4fb5e4396bbb840e6e255e15e9d1915') in 0.013903 seconds 
========================================================================
Received Import Request.
  Time since last request: 16.016236 seconds.
  path: Packages/com.unity.visualscripting/Graphics/Constant_16x.ai
  artifactKey: Guid(58cddc0883dde5740a5da5c1395c30e7) Importer(815301076,1909f56bfc062723c751e8b465ee728b)
Start importing Packages/com.unity.visualscripting/Graphics/Constant_16x.ai using Guid(58cddc0883dde5740a5da5c1395c30e7) Importer(815301076,1909f56bfc062723c751e8b465ee728b)  -> (artifact id: '9e7169f1404d408758495a5bdf3ea4cb') in 0.006344 seconds 
========================================================================
Received Import Request.
  Time since last request: 23.016522 seconds.
  path: Packages/com.unity.services.core/Editor/Core/ProjectBindRedirect/ProjectBindRedirectUiConstants.cs
  artifactKey: Guid(06a13106669b4df283a9a95511170817) Importer(815301076,1909f56bfc062723c751e8b465ee728b)
Start importing Packages/com.unity.services.core/Editor/Core/ProjectBindRedirect/ProjectBindRedirectUiConstants.cs using Guid(06a13106669b4df283a9a95511170817) Importer(815301076,1909f56bfc062723c751e8b465ee728b)  -> (artifact id: 'bf5377f803df06301aa4bbef0d175934') in 0.027737 seconds 
========================================================================
Received Import Request.
  Time since last request: 2.064344 seconds.
  path: Packages/com.unity.collab-proxy/Tests/Editor/Collaborate/TestConstants.cs
  artifactKey: Guid(a374bf192ac57b94e9082ff6e1debb2a) Importer(815301076,1909f56bfc062723c751e8b465ee728b)
Start importing Packages/com.unity.collab-proxy/Tests/Editor/Collaborate/TestConstants.cs using Guid(a374bf192ac57b94e9082ff6e1debb2a) Importer(815301076,1909f56bfc062723c751e8b465ee728b)  -> (artifact id: '1fb44b65514c0cedefae9deb51f4da7c') in 0.004163 seconds 
========================================================================
Received Import Request.
  Time since last request: 5.816536 seconds.
  path: Packages/com.unity.collab-proxy/Editor/PlasticSCM/Tool/ToolConstants.cs
  artifactKey: Guid(de6e8913aefd69d4ca90a7216d225d3a) Importer(815301076,1909f56bfc062723c751e8b465ee728b)
Start importing Packages/com.unity.collab-proxy/Editor/PlasticSCM/Tool/ToolConstants.cs using Guid(de6e8913aefd69d4ca90a7216d225d3a) Importer(815301076,1909f56bfc062723c751e8b465ee728b)  -> (artifact id: '281d5fb756871d34acf6f76b3d0e8342') in 0.003858 seconds 
========================================================================
Received Import Request.
  Time since last request: 4.588615 seconds.
  path: Packages/com.unity.collab-proxy/Editor/Collaborate/Assets/UiConstants.cs
  artifactKey: Guid(cf677bf6afd8cad46b28db4b484c0106) Importer(815301076,1909f56bfc062723c751e8b465ee728b)
Start importing Packages/com.unity.collab-proxy/Editor/Collaborate/Assets/UiConstants.cs using Guid(cf677bf6afd8cad46b28db4b484c0106) Importer(815301076,1909f56bfc062723c751e8b465ee728b)  -> (artifact id: '887a8e68350a9958a5dbb617951511cb') in 0.003886 seconds 
========================================================================
Received Import Request.
  Time since last request: 1.229253 seconds.
  path: Packages/com.unity.collab-proxy/Editor/PlasticSCM/UI/UnityConstants.cs
  artifactKey: Guid(c60feb8f0f5f57c4393eae9a43529616) Importer(815301076,1909f56bfc062723c751e8b465ee728b)
Start importing Packages/com.unity.collab-proxy/Editor/PlasticSCM/UI/UnityConstants.cs using Guid(c60feb8f0f5f57c4393eae9a43529616) Importer(815301076,1909f56bfc062723c751e8b465ee728b)  -> (artifact id: '49d328ed1f641ae290217a17f4cdce54') in 0.005303 seconds 
========================================================================
Received Import Request.
  Time since last request: 3.522315 seconds.
  path: Packages/com.unity.timeline/Editor/Window/WindowConstants.cs
  artifactKey: Guid(6d768b1bb52e2c64ba818933dbdd8452) Importer(815301076,1909f56bfc062723c751e8b465ee728b)
Start importing Packages/com.unity.timeline/Editor/Window/WindowConstants.cs using Guid(6d768b1bb52e2c64ba818933dbdd8452) Importer(815301076,1909f56bfc062723c751e8b465ee728b)  -> (artifact id: 'd208072167537fe30379b4a0293c0e3a') in 0.004194 seconds 
========================================================================
Received Prepare
Registering precompiled user dll's ...
Registered in 0.007360 seconds.
Begin MonoManager ReloadAssembly
Symbol file LoadedFromMemory doesn't match image C:\Users\aloho\AGXSample\Library\PackageCache\com.unity.visualscripting@1.7.8\Editor\VisualScripting.Core\Dependencies\YamlDotNet\Unity.VisualScripting.YamlDotNet.dll
Symbol file LoadedFromMemory doesn't match image C:\Users\aloho\AGXSample\Library\PackageCache\com.unity.visualscripting@1.7.8\Editor\VisualScripting.Core\Dependencies\DotNetZip\Unity.VisualScripting.IonicZip.dll
Native extension for WindowsStandalone target not found
Native extension for iOS target not found
Native extension for Android target not found
Refreshing native plugins compatible for Editor in 0.87 ms, found 20 plugins.
Preloading 16 native plugins for Editor in 0.51 ms.
CreateSerializedAsset is not supported while importing out-of-process
UnityEngine.StackTraceUtility:ExtractStackTrace ()
AGXUnityEditor.Manager:GetOrCreateAsset<AGXUnity.GeometryContactMergeSplitThresholds> (string,System.Func`1<AGXUnity.GeometryContactMergeSplitThresholds>) (at Assets/AGXUnity/Editor/AGXUnityEditor/Manager.cs:948)
AGXUnityEditor.Manager:CreateDefaultAssets () (at Assets/AGXUnity/Editor/AGXUnityEditor/Manager.cs:969)
AGXUnityEditor.Manager:.cctor () (at Assets/AGXUnity/Editor/AGXUnityEditor/Manager.cs:113)
System.Runtime.CompilerServices.RuntimeHelpers:RunClassConstructor (System.RuntimeTypeHandle)
UnityEditor.EditorAssemblies:ProcessInitializeOnLoadAttributes (System.Type[])

[Assets/AGXUnity/Editor/AGXUnityEditor/Manager.cs line 948]

UnityEngine.UnityException: Creating asset at path Assets/AGXUnity/Resources/MergeSplit/DefaultGeometryContactThresholds.asset failed.
  at (wrapper managed-to-native) UnityEditor.AssetDatabase.CreateAsset(UnityEngine.Object,string)
  at AGXUnityEditor.Manager.GetOrCreateAsset[T] (System.String assetPath, System.Func`1[TResult] createFunc) [0x000af] in C:\Users\aloho\AGXSample\Assets\AGXUnity\Editor\AGXUnityEditor\Manager.cs:948 
  at AGXUnityEditor.Manager.CreateDefaultAssets () [0x0004e] in C:\Users\aloho\AGXSample\Assets\AGXUnity\Editor\AGXUnityEditor\Manager.cs:969 
  at AGXUnityEditor.Manager..cctor () [0x00179] in C:\Users\aloho\AGXSample\Assets\AGXUnity\Editor\AGXUnityEditor\Manager.cs:113 
UnityEngine.StackTraceUtility:ExtractStackTrace ()
UnityEngine.DebugLogHandler:LogFormat (UnityEngine.LogType,UnityEngine.Object,string,object[])
UnityEngine.Logger:Log (UnityEngine.LogType,object)
UnityEngine.Debug:LogError (object)
UnityEditor.EditorAssemblies:ProcessInitializeOnLoadAttributes (System.Type[])

Mono: successfully reloaded assembly
- Completed reload, in  1.122 seconds
Domain Reload Profiling:
	ReloadAssembly (1122ms)
		BeginReloadAssembly (114ms)
			ExecutionOrderSort (0ms)
			DisableScriptedObjects (4ms)
			BackupInstance (0ms)
			ReleaseScriptingObjects (0ms)
			CreateAndSetChildDomain (37ms)
		EndReloadAssembly (936ms)
			LoadAssemblies (66ms)
			RebuildTransferFunctionScriptingTraits (0ms)
			SetupTypeCache (192ms)
			ReleaseScriptCaches (1ms)
			RebuildScriptCaches (27ms)
			SetupLoadedEditorAssemblies (614ms)
				LogAssemblyErrors (0ms)
				InitializePlatformSupportModulesInManaged (29ms)
				SetLoadedEditorAssemblies (0ms)
				RefreshPlugins (1ms)
				BeforeProcessingInitializeOnLoad (50ms)
				ProcessInitializeOnLoadAttributes (505ms)
				ProcessInitializeOnLoadMethodAttributes (21ms)
				AfterProcessingInitializeOnLoad (8ms)
				EditorAssembliesLoaded (0ms)
			ExecutionOrderSort2 (0ms)
			AwakeInstancesAfterBackupRestoration (4ms)
Platform modules already initialized, skipping
Refreshing native plugins compatible for Editor in 5.81 ms, found 20 plugins.
Preloading 16 native plugins for Editor in 0.67 ms.
Unloading 4089 Unused Serialized files (Serialized files now loaded: 0)
Unloading 40 unused Assets / (78.9 KB). Loaded Objects now: 4622.
Memory consumption went from 159.0 MB to 158.9 MB.
Total: 3.061900 ms (FindLiveObjects: 0.466700 ms CreateObjectMapping: 0.117300 ms MarkObjects: 2.396400 ms  DeleteObjects: 0.080800 ms)

AssetImportParameters requested are different than current active one (requested -> active):
  custom:video-decoder-ogg-theora: a1e56fd34408186e4bbccfd4996cb3dc -> 
  custom:container-muxer-webm: aa71ff27fc2769a1b78a27578f13a17b -> 
  custom:container-demuxer-webm: 4f35f7cbe854078d1ac9338744f61a02 -> 
  custom:video-encoder-webm-vp8: eb34c28f22e8b96e1ab97ce403110664 -> 
  custom:audio-encoder-webm-vorbis: bf7c407c2cedff20999df2af8eb42d56 -> 
  custom:framework-win-MediaFoundation: 216162199b28c13a410421893ffa2e32 -> 
  custom:SearchIndexIgnoredProperties: e643bd26f0fe6173181afceb89e7c659 -> 
  custom:container-demuxer-ogg: 62fdf1f143b41e24485cea50d1cbac27 -> 
  custom:video-decoder-webm-vp8: 9c59270c3fd7afecdb556c50c9e8de78 -> 
  custom:audio-decoder-ogg-vorbis: bf7c407c2cedff20999df2af8eb42d56 -> 
========================================================================
Received Prepare
Registering precompiled user dll's ...
Registered in 0.006956 seconds.
Begin MonoManager ReloadAssembly
Symbol file LoadedFromMemory doesn't match image C:\Users\aloho\AGXSample\Library\PackageCache\com.unity.visualscripting@1.7.8\Editor\VisualScripting.Core\Dependencies\YamlDotNet\Unity.VisualScripting.YamlDotNet.dll
Symbol file LoadedFromMemory doesn't match image C:\Users\aloho\AGXSample\Library\PackageCache\com.unity.visualscripting@1.7.8\Editor\VisualScripting.Core\Dependencies\DotNetZip\Unity.VisualScripting.IonicZip.dll
Native extension for WindowsStandalone target not found
Native extension for iOS target not found
Native extension for Android target not found
Refreshing native plugins compatible for Editor in 0.69 ms, found 20 plugins.
Preloading 16 native plugins for Editor in 0.47 ms.
CreateSerializedAsset is not supported while importing out-of-process
UnityEngine.StackTraceUtility:ExtractStackTrace ()
AGXUnityEditor.Manager:GetOrCreateAsset<AGXUnity.GeometryContactMergeSplitThresholds> (string,System.Func`1<AGXUnity.GeometryContactMergeSplitThresholds>) (at Assets/AGXUnity/Editor/AGXUnityEditor/Manager.cs:948)
AGXUnityEditor.Manager:CreateDefaultAssets () (at Assets/AGXUnity/Editor/AGXUnityEditor/Manager.cs:969)
AGXUnityEditor.Manager:.cctor () (at Assets/AGXUnity/Editor/AGXUnityEditor/Manager.cs:113)
System.Runtime.CompilerServices.RuntimeHelpers:RunClassConstructor (System.RuntimeTypeHandle)
UnityEditor.EditorAssemblies:ProcessInitializeOnLoadAttributes (System.Type[])

[Assets/AGXUnity/Editor/AGXUnityEditor/Manager.cs line 948]

UnityEngine.UnityException: Creating asset at path Assets/AGXUnity/Resources/MergeSplit/DefaultGeometryContactThresholds.asset failed.
  at (wrapper managed-to-native) UnityEditor.AssetDatabase.CreateAsset(UnityEngine.Object,string)
  at AGXUnityEditor.Manager.GetOrCreateAsset[T] (System.String assetPath, System.Func`1[TResult] createFunc) [0x000af] in C:\Users\aloho\AGXSample\Assets\AGXUnity\Editor\AGXUnityEditor\Manager.cs:948 
  at AGXUnityEditor.Manager.CreateDefaultAssets () [0x0004e] in C:\Users\aloho\AGXSample\Assets\AGXUnity\Editor\AGXUnityEditor\Manager.cs:969 
  at AGXUnityEditor.Manager..cctor () [0x00179] in C:\Users\aloho\AGXSample\Assets\AGXUnity\Editor\AGXUnityEditor\Manager.cs:113 
UnityEngine.StackTraceUtility:ExtractStackTrace ()
UnityEngine.DebugLogHandler:LogFormat (UnityEngine.LogType,UnityEngine.Object,string,object[])
UnityEngine.Logger:Log (UnityEngine.LogType,object)
UnityEngine.Debug:LogError (object)
UnityEditor.EditorAssemblies:ProcessInitializeOnLoadAttributes (System.Type[])

Mono: successfully reloaded assembly
- Completed reload, in  1.095 seconds
Domain Reload Profiling:
	ReloadAssembly (1096ms)
		BeginReloadAssembly (111ms)
			ExecutionOrderSort (0ms)
			DisableScriptedObjects (4ms)
			BackupInstance (0ms)
			ReleaseScriptingObjects (0ms)
			CreateAndSetChildDomain (34ms)
		EndReloadAssembly (913ms)
			LoadAssemblies (65ms)
			RebuildTransferFunctionScriptingTraits (0ms)
			SetupTypeCache (187ms)
			ReleaseScriptCaches (1ms)
			RebuildScriptCaches (26ms)
			SetupLoadedEditorAssemblies (599ms)
				LogAssemblyErrors (0ms)
				InitializePlatformSupportModulesInManaged (22ms)
				SetLoadedEditorAssemblies (0ms)
				RefreshPlugins (1ms)
				BeforeProcessingInitializeOnLoad (50ms)
				ProcessInitializeOnLoadAttributes (496ms)
				ProcessInitializeOnLoadMethodAttributes (20ms)
				AfterProcessingInitializeOnLoad (9ms)
				EditorAssembliesLoaded (0ms)
			ExecutionOrderSort2 (0ms)
			AwakeInstancesAfterBackupRestoration (4ms)
Platform modules already initialized, skipping
Refreshing native plugins compatible for Editor in 4.52 ms, found 20 plugins.
Preloading 16 native plugins for Editor in 0.45 ms.
Unloading 4089 Unused Serialized files (Serialized files now loaded: 0)
Unloading 40 unused Assets / (78.9 KB). Loaded Objects now: 4626.
Memory consumption went from 159.0 MB to 158.9 MB.
Total: 2.750500 ms (FindLiveObjects: 0.309700 ms CreateObjectMapping: 0.093500 ms MarkObjects: 2.264200 ms  DeleteObjects: 0.082200 ms)

AssetImportParameters requested are different than current active one (requested -> active):
  custom:video-decoder-ogg-theora: a1e56fd34408186e4bbccfd4996cb3dc -> 
  custom:container-muxer-webm: aa71ff27fc2769a1b78a27578f13a17b -> 
  custom:container-demuxer-webm: 4f35f7cbe854078d1ac9338744f61a02 -> 
  custom:video-encoder-webm-vp8: eb34c28f22e8b96e1ab97ce403110664 -> 
  custom:audio-encoder-webm-vorbis: bf7c407c2cedff20999df2af8eb42d56 -> 
  custom:framework-win-MediaFoundation: 216162199b28c13a410421893ffa2e32 -> 
  custom:SearchIndexIgnoredProperties: e643bd26f0fe6173181afceb89e7c659 -> 
  custom:container-demuxer-ogg: 62fdf1f143b41e24485cea50d1cbac27 -> 
  custom:video-decoder-webm-vp8: 9c59270c3fd7afecdb556c50c9e8de78 -> 
  custom:audio-decoder-ogg-vorbis: bf7c407c2cedff20999df2af8eb42d56 -> 
========================================================================
Received Prepare
Registering precompiled user dll's ...
Registered in 0.007562 seconds.
Begin MonoManager ReloadAssembly
Symbol file LoadedFromMemory doesn't match image C:\Users\aloho\AGXSample\Library\PackageCache\com.unity.visualscripting@1.7.8\Editor\VisualScripting.Core\Dependencies\YamlDotNet\Unity.VisualScripting.YamlDotNet.dll
Symbol file LoadedFromMemory doesn't match image C:\Users\aloho\AGXSample\Library\PackageCache\com.unity.visualscripting@1.7.8\Editor\VisualScripting.Core\Dependencies\DotNetZip\Unity.VisualScripting.IonicZip.dll
Native extension for WindowsStandalone target not found
Native extension for iOS target not found
Native extension for Android target not found
Refreshing native plugins compatible for Editor in 0.84 ms, found 20 plugins.
Preloading 16 native plugins for Editor in 0.51 ms.
CreateSerializedAsset is not supported while importing out-of-process
UnityEngine.StackTraceUtility:ExtractStackTrace ()
AGXUnityEditor.Manager:GetOrCreateAsset<AGXUnity.GeometryContactMergeSplitThresholds> (string,System.Func`1<AGXUnity.GeometryContactMergeSplitThresholds>) (at Assets/AGXUnity/Editor/AGXUnityEditor/Manager.cs:948)
AGXUnityEditor.Manager:CreateDefaultAssets () (at Assets/AGXUnity/Editor/AGXUnityEditor/Manager.cs:969)
AGXUnityEditor.Manager:.cctor () (at Assets/AGXUnity/Editor/AGXUnityEditor/Manager.cs:113)
System.Runtime.CompilerServices.RuntimeHelpers:RunClassConstructor (System.RuntimeTypeHandle)
UnityEditor.EditorAssemblies:ProcessInitializeOnLoadAttributes (System.Type[])

[Assets/AGXUnity/Editor/AGXUnityEditor/Manager.cs line 948]

UnityEngine.UnityException: Creating asset at path Assets/AGXUnity/Resources/MergeSplit/DefaultGeometryContactThresholds.asset failed.
  at (wrapper managed-to-native) UnityEditor.AssetDatabase.CreateAsset(UnityEngine.Object,string)
  at AGXUnityEditor.Manager.GetOrCreateAsset[T] (System.String assetPath, System.Func`1[TResult] createFunc) [0x000af] in C:\Users\aloho\AGXSample\Assets\AGXUnity\Editor\AGXUnityEditor\Manager.cs:948 
  at AGXUnityEditor.Manager.CreateDefaultAssets () [0x0004e] in C:\Users\aloho\AGXSample\Assets\AGXUnity\Editor\AGXUnityEditor\Manager.cs:969 
  at AGXUnityEditor.Manager..cctor () [0x00179] in C:\Users\aloho\AGXSample\Assets\AGXUnity\Editor\AGXUnityEditor\Manager.cs:113 
UnityEngine.StackTraceUtility:ExtractStackTrace ()
UnityEngine.DebugLogHandler:LogFormat (UnityEngine.LogType,UnityEngine.Object,string,object[])
UnityEngine.Logger:Log (UnityEngine.LogType,object)
UnityEngine.Debug:LogError (object)
UnityEditor.EditorAssemblies:ProcessInitializeOnLoadAttributes (System.Type[])

Mono: successfully reloaded assembly
- Completed reload, in  1.121 seconds
Domain Reload Profiling:
	ReloadAssembly (1121ms)
		BeginReloadAssembly (110ms)
			ExecutionOrderSort (0ms)
			DisableScriptedObjects (4ms)
			BackupInstance (0ms)
			ReleaseScriptingObjects (0ms)
			CreateAndSetChildDomain (33ms)
		EndReloadAssembly (937ms)
			LoadAssemblies (67ms)
			RebuildTransferFunctionScriptingTraits (0ms)
			SetupTypeCache (185ms)
			ReleaseScriptCaches (1ms)
			RebuildScriptCaches (26ms)
			SetupLoadedEditorAssemblies (622ms)
				LogAssemblyErrors (0ms)
				InitializePlatformSupportModulesInManaged (23ms)
				SetLoadedEditorAssemblies (0ms)
				RefreshPlugins (1ms)
				BeforeProcessingInitializeOnLoad (52ms)
				ProcessInitializeOnLoadAttributes (515ms)
				ProcessInitializeOnLoadMethodAttributes (22ms)
				AfterProcessingInitializeOnLoad (9ms)
				EditorAssembliesLoaded (0ms)
			ExecutionOrderSort2 (0ms)
			AwakeInstancesAfterBackupRestoration (4ms)
Platform modules already initialized, skipping
Refreshing native plugins compatible for Editor in 5.37 ms, found 20 plugins.
Preloading 16 native plugins for Editor in 0.49 ms.
Unloading 4089 Unused Serialized files (Serialized files now loaded: 0)
Unloading 40 unused Assets / (78.8 KB). Loaded Objects now: 4630.
Memory consumption went from 159.0 MB to 158.9 MB.
Total: 3.057200 ms (FindLiveObjects: 0.283700 ms CreateObjectMapping: 0.094100 ms MarkObjects: 2.562600 ms  DeleteObjects: 0.116000 ms)

AssetImportParameters requested are different than current active one (requested -> active):
  custom:video-decoder-ogg-theora: a1e56fd34408186e4bbccfd4996cb3dc -> 
  custom:container-muxer-webm: aa71ff27fc2769a1b78a27578f13a17b -> 
  custom:container-demuxer-webm: 4f35f7cbe854078d1ac9338744f61a02 -> 
  custom:video-encoder-webm-vp8: eb34c28f22e8b96e1ab97ce403110664 -> 
  custom:audio-encoder-webm-vorbis: bf7c407c2cedff20999df2af8eb42d56 -> 
  custom:framework-win-MediaFoundation: 216162199b28c13a410421893ffa2e32 -> 
  custom:SearchIndexIgnoredProperties: e643bd26f0fe6173181afceb89e7c659 -> 
  custom:container-demuxer-ogg: 62fdf1f143b41e24485cea50d1cbac27 -> 
  custom:video-decoder-webm-vp8: 9c59270c3fd7afecdb556c50c9e8de78 -> 
  custom:audio-decoder-ogg-vorbis: bf7c407c2cedff20999df2af8eb42d56 -> 
========================================================================
Received Import Request.
  Time since last request: 328.753842 seconds.
  path: Assets/AGXUnity/Editor/Data/Data.asset
  artifactKey: Guid(c4904169378c3044f93379f541270684) Importer(815301076,1909f56bfc062723c751e8b465ee728b)
Start importing Assets/AGXUnity/Editor/Data/Data.asset using Guid(c4904169378c3044f93379f541270684) Importer(815301076,1909f56bfc062723c751e8b465ee728b)  -> (artifact id: 'ff7fec8fdc98963078609405a64c15ad') in 0.018241 seconds 
========================================================================
Received Prepare
Registering precompiled user dll's ...
Registered in 0.006891 seconds.
Begin MonoManager ReloadAssembly
Symbol file LoadedFromMemory doesn't match image C:\Users\aloho\AGXSample\Library\PackageCache\com.unity.visualscripting@1.7.8\Editor\VisualScripting.Core\Dependencies\YamlDotNet\Unity.VisualScripting.YamlDotNet.dll
Symbol file LoadedFromMemory doesn't match image C:\Users\aloho\AGXSample\Library\PackageCache\com.unity.visualscripting@1.7.8\Editor\VisualScripting.Core\Dependencies\DotNetZip\Unity.VisualScripting.IonicZip.dll
Native extension for WindowsStandalone target not found
Native extension for iOS target not found
Native extension for Android target not found
Refreshing native plugins compatible for Editor in 0.85 ms, found 20 plugins.
Preloading 16 native plugins for Editor in 0.50 ms.
CreateSerializedAsset is not supported while importing out-of-process
UnityEngine.StackTraceUtility:ExtractStackTrace ()
AGXUnityEditor.Manager:GetOrCreateAsset<AGXUnity.GeometryContactMergeSplitThresholds> (string,System.Func`1<AGXUnity.GeometryContactMergeSplitThresholds>) (at Assets/AGXUnity/Editor/AGXUnityEditor/Manager.cs:948)
AGXUnityEditor.Manager:CreateDefaultAssets () (at Assets/AGXUnity/Editor/AGXUnityEditor/Manager.cs:969)
AGXUnityEditor.Manager:.cctor () (at Assets/AGXUnity/Editor/AGXUnityEditor/Manager.cs:113)
System.Runtime.CompilerServices.RuntimeHelpers:RunClassConstructor (System.RuntimeTypeHandle)
UnityEditor.EditorAssemblies:ProcessInitializeOnLoadAttributes (System.Type[])

[Assets/AGXUnity/Editor/AGXUnityEditor/Manager.cs line 948]

UnityEngine.UnityException: Creating asset at path Assets/AGXUnity/Resources/MergeSplit/DefaultGeometryContactThresholds.asset failed.
  at (wrapper managed-to-native) UnityEditor.AssetDatabase.CreateAsset(UnityEngine.Object,string)
  at AGXUnityEditor.Manager.GetOrCreateAsset[T] (System.String assetPath, System.Func`1[TResult] createFunc) [0x000af] in C:\Users\aloho\AGXSample\Assets\AGXUnity\Editor\AGXUnityEditor\Manager.cs:948 
  at AGXUnityEditor.Manager.CreateDefaultAssets () [0x0004e] in C:\Users\aloho\AGXSample\Assets\AGXUnity\Editor\AGXUnityEditor\Manager.cs:969 
  at AGXUnityEditor.Manager..cctor () [0x00179] in C:\Users\aloho\AGXSample\Assets\AGXUnity\Editor\AGXUnityEditor\Manager.cs:113 
UnityEngine.StackTraceUtility:ExtractStackTrace ()
UnityEngine.DebugLogHandler:LogFormat (UnityEngine.LogType,UnityEngine.Object,string,object[])
UnityEngine.Logger:Log (UnityEngine.LogType,object)
UnityEngine.Debug:LogError (object)
UnityEditor.EditorAssemblies:ProcessInitializeOnLoadAttributes (System.Type[])

Mono: successfully reloaded assembly
- Completed reload, in  1.120 seconds
Domain Reload Profiling:
	ReloadAssembly (1121ms)
		BeginReloadAssembly (114ms)
			ExecutionOrderSort (0ms)
			DisableScriptedObjects (4ms)
			BackupInstance (0ms)
			ReleaseScriptingObjects (0ms)
			CreateAndSetChildDomain (39ms)
		EndReloadAssembly (933ms)
			LoadAssemblies (65ms)
			RebuildTransferFunctionScriptingTraits (0ms)
			SetupTypeCache (186ms)
			ReleaseScriptCaches (1ms)
			RebuildScriptCaches (27ms)
			SetupLoadedEditorAssemblies (616ms)
				LogAssemblyErrors (0ms)
				InitializePlatformSupportModulesInManaged (23ms)
				SetLoadedEditorAssemblies (0ms)
				RefreshPlugins (1ms)
				BeforeProcessingInitializeOnLoad (55ms)
				ProcessInitializeOnLoadAttributes (506ms)
				ProcessInitializeOnLoadMethodAttributes (23ms)
				AfterProcessingInitializeOnLoad (7ms)
				EditorAssembliesLoaded (0ms)
			ExecutionOrderSort2 (0ms)
			AwakeInstancesAfterBackupRestoration (5ms)
Platform modules already initialized, skipping
Refreshing native plugins compatible for Editor in 5.20 ms, found 20 plugins.
Preloading 16 native plugins for Editor in 0.50 ms.
Unloading 4090 Unused Serialized files (Serialized files now loaded: 0)
Unloading 41 unused Assets / (78.9 KB). Loaded Objects now: 4633.
Memory consumption went from 159.0 MB to 158.9 MB.
Total: 3.019600 ms (FindLiveObjects: 0.303200 ms CreateObjectMapping: 0.095100 ms MarkObjects: 2.523000 ms  DeleteObjects: 0.097400 ms)

AssetImportParameters requested are different than current active one (requested -> active):
  custom:video-decoder-ogg-theora: a1e56fd34408186e4bbccfd4996cb3dc -> 
  custom:container-muxer-webm: aa71ff27fc2769a1b78a27578f13a17b -> 
  custom:container-demuxer-webm: 4f35f7cbe854078d1ac9338744f61a02 -> 
  custom:video-encoder-webm-vp8: eb34c28f22e8b96e1ab97ce403110664 -> 
  custom:audio-encoder-webm-vorbis: bf7c407c2cedff20999df2af8eb42d56 -> 
  custom:framework-win-MediaFoundation: 216162199b28c13a410421893ffa2e32 -> 
  custom:SearchIndexIgnoredProperties: e643bd26f0fe6173181afceb89e7c659 -> 
  custom:container-demuxer-ogg: 62fdf1f143b41e24485cea50d1cbac27 -> 
  custom:video-decoder-webm-vp8: 9c59270c3fd7afecdb556c50c9e8de78 -> 
  custom:audio-decoder-ogg-vorbis: bf7c407c2cedff20999df2af8eb42d56 -> 
========================================================================
Received Import Request.
  Time since last request: 409.615342 seconds.
  path: Assets/AGXUnity_ExamplesWindow/Editor/Images/AGXUnity_Demo.png
  artifactKey: Guid(cab8fa8d7da95ea4b8066bb6124fbb84) Importer(815301076,1909f56bfc062723c751e8b465ee728b)
Start importing Assets/AGXUnity_ExamplesWindow/Editor/Images/AGXUnity_Demo.png using Guid(cab8fa8d7da95ea4b8066bb6124fbb84) Importer(815301076,1909f56bfc062723c751e8b465ee728b)  -> (artifact id: 'e8d4e1881373269137d653cc14e1e75f') in 0.071950 seconds 
========================================================================
Received Import Request.
  Time since last request: 19.551123 seconds.
  path: Assets/AGXUnity_Demo/AGXUnity_Demo_Assets/demo_buoyant_material 1.asset
  artifactKey: Guid(20375c847cf925746a8ecbbc8162075a) Importer(815301076,1909f56bfc062723c751e8b465ee728b)
Start importing Assets/AGXUnity_Demo/AGXUnity_Demo_Assets/demo_buoyant_material 1.asset using Guid(20375c847cf925746a8ecbbc8162075a) Importer(815301076,1909f56bfc062723c751e8b465ee728b)  -> (artifact id: '001c620db0e5457b8664593509eaf745') in 0.005410 seconds 
========================================================================
Received Import Request.
  Time since last request: 30.562858 seconds.
  path: Assets/AGXUnity_Demo/AGXUnity_Demo_Assets/demo_buoyant_material 2.asset
  artifactKey: Guid(e632260be9589574f91076b39a7cc8b0) Importer(815301076,1909f56bfc062723c751e8b465ee728b)
Start importing Assets/AGXUnity_Demo/AGXUnity_Demo_Assets/demo_buoyant_material 2.asset using Guid(e632260be9589574f91076b39a7cc8b0) Importer(815301076,1909f56bfc062723c751e8b465ee728b)  -> (artifact id: '16dbd4aa49dc395da098ace0c446b42e') in 0.005018 seconds 
========================================================================
Received Import Request.
  Time since last request: 11.960846 seconds.
  path: Assets/AGXUnity_Demo/AGXUnity_Demo_Assets/demo_buoyant_material 1.asset
  artifactKey: Guid(20375c847cf925746a8ecbbc8162075a) Importer(815301076,1909f56bfc062723c751e8b465ee728b)
Start importing Assets/AGXUnity_Demo/AGXUnity_Demo_Assets/demo_buoyant_material 1.asset using Guid(20375c847cf925746a8ecbbc8162075a) Importer(815301076,1909f56bfc062723c751e8b465ee728b)  -> (artifact id: '69749a90cc38bcff5aedd1034050c5c3') in 0.002284 seconds 
========================================================================
Received Prepare
Registering precompiled user dll's ...
Registered in 0.007432 seconds.
Begin MonoManager ReloadAssembly
Symbol file LoadedFromMemory doesn't match image C:\Users\aloho\AGXSample\Library\PackageCache\com.unity.visualscripting@1.7.8\Editor\VisualScripting.Core\Dependencies\YamlDotNet\Unity.VisualScripting.YamlDotNet.dll
Symbol file LoadedFromMemory doesn't match image C:\Users\aloho\AGXSample\Library\PackageCache\com.unity.visualscripting@1.7.8\Editor\VisualScripting.Core\Dependencies\DotNetZip\Unity.VisualScripting.IonicZip.dll
Native extension for WindowsStandalone target not found
Native extension for iOS target not found
Native extension for Android target not found
Refreshing native plugins compatible for Editor in 0.87 ms, found 20 plugins.
Preloading 16 native plugins for Editor in 0.52 ms.
CreateSerializedAsset is not supported while importing out-of-process
UnityEngine.StackTraceUtility:ExtractStackTrace ()
AGXUnityEditor.Manager:GetOrCreateAsset<AGXUnity.GeometryContactMergeSplitThresholds> (string,System.Func`1<AGXUnity.GeometryContactMergeSplitThresholds>) (at Assets/AGXUnity/Editor/AGXUnityEditor/Manager.cs:948)
AGXUnityEditor.Manager:CreateDefaultAssets () (at Assets/AGXUnity/Editor/AGXUnityEditor/Manager.cs:969)
AGXUnityEditor.Manager:.cctor () (at Assets/AGXUnity/Editor/AGXUnityEditor/Manager.cs:113)
System.Runtime.CompilerServices.RuntimeHelpers:RunClassConstructor (System.RuntimeTypeHandle)
UnityEditor.EditorAssemblies:ProcessInitializeOnLoadAttributes (System.Type[])

[Assets/AGXUnity/Editor/AGXUnityEditor/Manager.cs line 948]

UnityEngine.UnityException: Creating asset at path Assets/AGXUnity/Resources/MergeSplit/DefaultGeometryContactThresholds.asset failed.
  at (wrapper managed-to-native) UnityEditor.AssetDatabase.CreateAsset(UnityEngine.Object,string)
  at AGXUnityEditor.Manager.GetOrCreateAsset[T] (System.String assetPath, System.Func`1[TResult] createFunc) [0x000af] in C:\Users\aloho\AGXSample\Assets\AGXUnity\Editor\AGXUnityEditor\Manager.cs:948 
  at AGXUnityEditor.Manager.CreateDefaultAssets () [0x0004e] in C:\Users\aloho\AGXSample\Assets\AGXUnity\Editor\AGXUnityEditor\Manager.cs:969 
  at AGXUnityEditor.Manager..cctor () [0x00179] in C:\Users\aloho\AGXSample\Assets\AGXUnity\Editor\AGXUnityEditor\Manager.cs:113 
UnityEngine.StackTraceUtility:ExtractStackTrace ()
UnityEngine.DebugLogHandler:LogFormat (UnityEngine.LogType,UnityEngine.Object,string,object[])
UnityEngine.Logger:Log (UnityEngine.LogType,object)
UnityEngine.Debug:LogError (object)
UnityEditor.EditorAssemblies:ProcessInitializeOnLoadAttributes (System.Type[])

Mono: successfully reloaded assembly
- Completed reload, in  1.096 seconds
Domain Reload Profiling:
	ReloadAssembly (1097ms)
		BeginReloadAssembly (110ms)
			ExecutionOrderSort (0ms)
			DisableScriptedObjects (4ms)
			BackupInstance (0ms)
			ReleaseScriptingObjects (0ms)
			CreateAndSetChildDomain (34ms)
		EndReloadAssembly (916ms)
			LoadAssemblies (66ms)
			RebuildTransferFunctionScriptingTraits (0ms)
			SetupTypeCache (187ms)
			ReleaseScriptCaches (1ms)
			RebuildScriptCaches (26ms)
			SetupLoadedEditorAssemblies (603ms)
				LogAssemblyErrors (0ms)
				InitializePlatformSupportModulesInManaged (23ms)
				SetLoadedEditorAssemblies (0ms)
				RefreshPlugins (1ms)
				BeforeProcessingInitializeOnLoad (52ms)
				ProcessInitializeOnLoadAttributes (496ms)
				ProcessInitializeOnLoadMethodAttributes (20ms)
				AfterProcessingInitializeOnLoad (10ms)
				EditorAssembliesLoaded (0ms)
			ExecutionOrderSort2 (0ms)
			AwakeInstancesAfterBackupRestoration (5ms)
Platform modules already initialized, skipping
Refreshing native plugins compatible for Editor in 5.06 ms, found 20 plugins.
Preloading 16 native plugins for Editor in 0.47 ms.
Unloading 4090 Unused Serialized files (Serialized files now loaded: 0)
Unloading 40 unused Assets / (79.0 KB). Loaded Objects now: 4639.
Memory consumption went from 159.0 MB to 159.0 MB.
Total: 3.634300 ms (FindLiveObjects: 0.301100 ms CreateObjectMapping: 0.236100 ms MarkObjects: 3.013500 ms  DeleteObjects: 0.082700 ms)

AssetImportParameters requested are different than current active one (requested -> active):
  custom:video-decoder-ogg-theora: a1e56fd34408186e4bbccfd4996cb3dc -> 
  custom:container-muxer-webm: aa71ff27fc2769a1b78a27578f13a17b -> 
  custom:container-demuxer-webm: 4f35f7cbe854078d1ac9338744f61a02 -> 
  custom:video-encoder-webm-vp8: eb34c28f22e8b96e1ab97ce403110664 -> 
  custom:audio-encoder-webm-vorbis: bf7c407c2cedff20999df2af8eb42d56 -> 
  custom:framework-win-MediaFoundation: 216162199b28c13a410421893ffa2e32 -> 
  custom:SearchIndexIgnoredProperties: e643bd26f0fe6173181afceb89e7c659 -> 
  custom:container-demuxer-ogg: 62fdf1f143b41e24485cea50d1cbac27 -> 
  custom:video-decoder-webm-vp8: 9c59270c3fd7afecdb556c50c9e8de78 -> 
  custom:audio-decoder-ogg-vorbis: bf7c407c2cedff20999df2af8eb42d56 -> 
