Using pre-set license
Built from '2021.3/staging' branch; Version is '2021.3.9f1 (ad3870b89536) revision 11352176'; Using compiler version '192829333'; Build Type 'Release'
OS: 'Windows 10  (10.0.19044) 64bit Core' Language: 'ko' Physical Memory: 16309 MB
BatchMode: 1, IsHumanControllingUs: 0, StartBugReporterOnCrash: 0, Is64bit: 1, IsPro: 1

COMMAND LINE ARGUMENTS:
C:\Program Files\Unity\Hub\Editor\2021.3.9f1\Editor\Unity.exe
-adb2
-batchMode
-noUpm
-name
AssetImportWorker1
-projectPath
C:/Users/aloho/AGXSample
-logFile
Logs/AssetImportWorker1.log
-srvPort
3613
Successfully changed project path to: C:/Users/aloho/AGXSample
C:/Users/aloho/AGXSample
[UnityMemory] Configuration Parameters - Can be set up in boot.config
    "memorysetup-bucket-allocator-granularity=16"
    "memorysetup-bucket-allocator-bucket-count=8"
    "memorysetup-bucket-allocator-block-size=33554432"
    "memorysetup-bucket-allocator-block-count=8"
    "memorysetup-main-allocator-block-size=16777216"
    "memorysetup-thread-allocator-block-size=16777216"
    "memorysetup-gfx-main-allocator-block-size=16777216"
    "memorysetup-gfx-thread-allocator-block-size=16777216"
    "memorysetup-cache-allocator-block-size=4194304"
    "memorysetup-typetree-allocator-block-size=2097152"
    "memorysetup-profiler-bucket-allocator-granularity=16"
    "memorysetup-profiler-bucket-allocator-bucket-count=8"
    "memorysetup-profiler-bucket-allocator-block-size=33554432"
    "memorysetup-profiler-bucket-allocator-block-count=8"
    "memorysetup-profiler-allocator-block-size=16777216"
    "memorysetup-profiler-editor-allocator-block-size=1048576"
    "memorysetup-temp-allocator-size-main=16777216"
    "memorysetup-job-temp-allocator-block-size=2097152"
    "memorysetup-job-temp-allocator-block-size-background=1048576"
    "memorysetup-job-temp-allocator-reduction-small-platforms=262144"
    "memorysetup-temp-allocator-size-background-worker=32768"
    "memorysetup-temp-allocator-size-job-worker=262144"
    "memorysetup-temp-allocator-size-preload-manager=33554432"
    "memorysetup-temp-allocator-size-nav-mesh-worker=65536"
    "memorysetup-temp-allocator-size-audio-worker=65536"
    "memorysetup-temp-allocator-size-cloud-worker=32768"
    "memorysetup-temp-allocator-size-gi-baking-worker=262144"
    "memorysetup-temp-allocator-size-gfx=262144"
Refreshing native plugins compatible for Editor in 89.64 ms, found 20 plugins.
Preloading 16 native plugins for Editor in 6.37 ms.
Initialize engine version: 2021.3.9f1 (ad3870b89536)
[Subsystems] Discovering subsystems at path C:/Program Files/Unity/Hub/Editor/2021.3.9f1/Editor/Data/Resources/UnitySubsystems
[Subsystems] Discovering subsystems at path C:/Users/aloho/AGXSample/Assets
GfxDevice: creating device client; threaded=0; jobified=0
Direct3D:
    Version:  Direct3D 11.0 [level 11.1]
    Renderer: NVIDIA GeForce RTX 3060 (ID=0x2504)
    Vendor:   NVIDIA
    VRAM:     12142 MB
    Driver:   31.0.15.1694
Initialize mono
Mono path[0] = 'C:/Program Files/Unity/Hub/Editor/2021.3.9f1/Editor/Data/Managed'
Mono path[1] = 'C:/Program Files/Unity/Hub/Editor/2021.3.9f1/Editor/Data/MonoBleedingEdge/lib/mono/unityjit-win32'
Mono config path = 'C:/Program Files/Unity/Hub/Editor/2021.3.9f1/Editor/Data/MonoBleedingEdge/etc'
Using monoOptions --debugger-agent=transport=dt_socket,embedding=1,server=y,suspend=n,address=127.0.0.1:56644
Begin MonoManager ReloadAssembly
Registering precompiled unity dll's ...
Register platform support module: C:/Program Files/Unity/Hub/Editor/2021.3.9f1/Editor/Data/PlaybackEngines/AndroidPlayer/UnityEditor.Android.Extensions.dll
Register platform support module: C:/Program Files/Unity/Hub/Editor/2021.3.9f1/Editor/Data/PlaybackEngines/iOSSupport/UnityEditor.iOS.Extensions.dll
Register platform support module: C:/Program Files/Unity/Hub/Editor/2021.3.9f1/Editor/Data/PlaybackEngines/WindowsStandaloneSupport/UnityEditor.WindowsStandalone.Extensions.dll
Registered in 0.007958 seconds.
Native extension for WindowsStandalone target not found
[usbmuxd] Start listen thread
[usbmuxd] Listen thread started
Native extension for iOS target not found
Native extension for Android target not found
Refreshing native plugins compatible for Editor in 69.88 ms, found 20 plugins.
Preloading 16 native plugins for Editor in 0.45 ms.
Mono: successfully reloaded assembly
- Completed reload, in  0.510 seconds
Domain Reload Profiling:
	ReloadAssembly (510ms)
		BeginReloadAssembly (57ms)
			ExecutionOrderSort (0ms)
			DisableScriptedObjects (0ms)
			BackupInstance (0ms)
			ReleaseScriptingObjects (0ms)
			CreateAndSetChildDomain (1ms)
		EndReloadAssembly (360ms)
			LoadAssemblies (56ms)
			RebuildTransferFunctionScriptingTraits (0ms)
			SetupTypeCache (81ms)
			ReleaseScriptCaches (0ms)
			RebuildScriptCaches (18ms)
			SetupLoadedEditorAssemblies (221ms)
				LogAssemblyErrors (0ms)
				InitializePlatformSupportModulesInManaged (47ms)
				SetLoadedEditorAssemblies (0ms)
				RefreshPlugins (70ms)
				BeforeProcessingInitializeOnLoad (1ms)
				ProcessInitializeOnLoadAttributes (70ms)
				ProcessInitializeOnLoadMethodAttributes (33ms)
				AfterProcessingInitializeOnLoad (0ms)
				EditorAssembliesLoaded (0ms)
			ExecutionOrderSort2 (0ms)
			AwakeInstancesAfterBackupRestoration (0ms)
Platform modules already initialized, skipping
Registering precompiled user dll's ...
Registered in 0.007990 seconds.
Begin MonoManager ReloadAssembly
Symbol file LoadedFromMemory doesn't match image C:\Users\aloho\AGXSample\Library\PackageCache\com.unity.visualscripting@1.7.8\Editor\VisualScripting.Core\Dependencies\YamlDotNet\Unity.VisualScripting.YamlDotNet.dll
Symbol file LoadedFromMemory doesn't match image C:\Users\aloho\AGXSample\Library\PackageCache\com.unity.visualscripting@1.7.8\Editor\VisualScripting.Core\Dependencies\DotNetZip\Unity.VisualScripting.IonicZip.dll
Native extension for WindowsStandalone target not found
Native extension for iOS target not found
Native extension for Android target not found
Refreshing native plugins compatible for Editor in 67.31 ms, found 20 plugins.
Preloading 16 native plugins for Editor in 0.46 ms.
Mono: successfully reloaded assembly
- Completed reload, in  1.335 seconds
Domain Reload Profiling:
	ReloadAssembly (1336ms)
		BeginReloadAssembly (191ms)
			ExecutionOrderSort (0ms)
			DisableScriptedObjects (5ms)
			BackupInstance (0ms)
			ReleaseScriptingObjects (0ms)
			CreateAndSetChildDomain (124ms)
		EndReloadAssembly (1071ms)
			LoadAssemblies (65ms)
			RebuildTransferFunctionScriptingTraits (0ms)
			SetupTypeCache (204ms)
			ReleaseScriptCaches (1ms)
			RebuildScriptCaches (38ms)
			SetupLoadedEditorAssemblies (727ms)
				LogAssemblyErrors (0ms)
				InitializePlatformSupportModulesInManaged (24ms)
				SetLoadedEditorAssemblies (0ms)
				RefreshPlugins (68ms)
				BeforeProcessingInitializeOnLoad (71ms)
				ProcessInitializeOnLoadAttributes (536ms)
				ProcessInitializeOnLoadMethodAttributes (20ms)
				AfterProcessingInitializeOnLoad (7ms)
				EditorAssembliesLoaded (0ms)
			ExecutionOrderSort2 (0ms)
			AwakeInstancesAfterBackupRestoration (6ms)
Platform modules already initialized, skipping
========================================================================
Worker process is ready to serve import requests
Launched and connected shader compiler UnityShaderCompiler.exe after 0.03 seconds
Refreshing native plugins compatible for Editor in 1.61 ms, found 20 plugins.
Preloading 16 native plugins for Editor in 0.95 ms.
Unloading 4097 Unused Serialized files (Serialized files now loaded: 0)
Unloading 52 unused Assets / (112.5 KB). Loaded Objects now: 4551.
Memory consumption went from 154.3 MB to 154.1 MB.
Total: 2.915100 ms (FindLiveObjects: 0.292600 ms CreateObjectMapping: 0.094800 ms MarkObjects: 2.417700 ms  DeleteObjects: 0.109200 ms)

AssetImportParameters requested are different than current active one (requested -> active):
  custom:video-decoder-ogg-theora: a1e56fd34408186e4bbccfd4996cb3dc -> 
  custom:container-muxer-webm: aa71ff27fc2769a1b78a27578f13a17b -> 
  custom:container-demuxer-webm: 4f35f7cbe854078d1ac9338744f61a02 -> 
  custom:video-encoder-webm-vp8: eb34c28f22e8b96e1ab97ce403110664 -> 
  custom:audio-encoder-webm-vorbis: bf7c407c2cedff20999df2af8eb42d56 -> 
  custom:framework-win-MediaFoundation: 216162199b28c13a410421893ffa2e32 -> 
  custom:container-demuxer-ogg: 62fdf1f143b41e24485cea50d1cbac27 -> 
  custom:video-decoder-webm-vp8: 9c59270c3fd7afecdb556c50c9e8de78 -> 
  custom:audio-decoder-ogg-vorbis: bf7c407c2cedff20999df2af8eb42d56 -> 
========================================================================
Received Import Request.
  Time since last request: 774055.426701 seconds.
  path: Assets/AGXUnity_Demo/AGXUnity_Demo_Assets/demo_buoyant_material.asset
  artifactKey: Guid(864c118270dd18f4c89324b3a9e4d614) Importer(815301076,1909f56bfc062723c751e8b465ee728b)
Start importing Assets/AGXUnity_Demo/AGXUnity_Demo_Assets/demo_buoyant_material.asset using Guid(864c118270dd18f4c89324b3a9e4d614) Importer(815301076,1909f56bfc062723c751e8b465ee728b)  -> (artifact id: 'b5fab9e071692dd6dac187048398d3b6') in 0.028779 seconds 
========================================================================
Received Import Request.
  Time since last request: 0.000018 seconds.
  path: Assets/AGXUnity/Resources/Materials/WaterMaterial.mat
  artifactKey: Guid(8a7373f062262334a81b76e24af989d1) Importer(815301076,1909f56bfc062723c751e8b465ee728b)
Start importing Assets/AGXUnity/Resources/Materials/WaterMaterial.mat using Guid(8a7373f062262334a81b76e24af989d1) Importer(815301076,1909f56bfc062723c751e8b465ee728b)  -> (artifact id: '15d3b3653168d23775c27125cecf4a99') in 0.071019 seconds 
========================================================================
Received Prepare
Registering precompiled user dll's ...
Registered in 0.006680 seconds.
Begin MonoManager ReloadAssembly
Symbol file LoadedFromMemory doesn't match image C:\Users\aloho\AGXSample\Library\PackageCache\com.unity.visualscripting@1.7.8\Editor\VisualScripting.Core\Dependencies\YamlDotNet\Unity.VisualScripting.YamlDotNet.dll
Symbol file LoadedFromMemory doesn't match image C:\Users\aloho\AGXSample\Library\PackageCache\com.unity.visualscripting@1.7.8\Editor\VisualScripting.Core\Dependencies\DotNetZip\Unity.VisualScripting.IonicZip.dll
Native extension for WindowsStandalone target not found
Native extension for iOS target not found
Native extension for Android target not found
Refreshing native plugins compatible for Editor in 0.84 ms, found 20 plugins.
Preloading 16 native plugins for Editor in 0.50 ms.
CreateSerializedAsset is not supported while importing out-of-process
UnityEngine.StackTraceUtility:ExtractStackTrace ()
AGXUnityEditor.Manager:GetOrCreateAsset<AGXUnity.GeometryContactMergeSplitThresholds> (string,System.Func`1<AGXUnity.GeometryContactMergeSplitThresholds>) (at Assets/AGXUnity/Editor/AGXUnityEditor/Manager.cs:948)
AGXUnityEditor.Manager:CreateDefaultAssets () (at Assets/AGXUnity/Editor/AGXUnityEditor/Manager.cs:969)
AGXUnityEditor.Manager:.cctor () (at Assets/AGXUnity/Editor/AGXUnityEditor/Manager.cs:113)
System.Runtime.CompilerServices.RuntimeHelpers:RunClassConstructor (System.RuntimeTypeHandle)
UnityEditor.EditorAssemblies:ProcessInitializeOnLoadAttributes (System.Type[])

[Assets/AGXUnity/Editor/AGXUnityEditor/Manager.cs line 948]

UnityEngine.UnityException: Creating asset at path Assets/AGXUnity/Resources/MergeSplit/DefaultGeometryContactThresholds.asset failed.
  at (wrapper managed-to-native) UnityEditor.AssetDatabase.CreateAsset(UnityEngine.Object,string)
  at AGXUnityEditor.Manager.GetOrCreateAsset[T] (System.String assetPath, System.Func`1[TResult] createFunc) [0x000af] in C:\Users\aloho\AGXSample\Assets\AGXUnity\Editor\AGXUnityEditor\Manager.cs:948 
  at AGXUnityEditor.Manager.CreateDefaultAssets () [0x0004e] in C:\Users\aloho\AGXSample\Assets\AGXUnity\Editor\AGXUnityEditor\Manager.cs:969 
  at AGXUnityEditor.Manager..cctor () [0x00179] in C:\Users\aloho\AGXSample\Assets\AGXUnity\Editor\AGXUnityEditor\Manager.cs:113 
UnityEngine.StackTraceUtility:ExtractStackTrace ()
UnityEngine.DebugLogHandler:LogFormat (UnityEngine.LogType,UnityEngine.Object,string,object[])
UnityEngine.Logger:Log (UnityEngine.LogType,object)
UnityEngine.Debug:LogError (object)
UnityEditor.EditorAssemblies:ProcessInitializeOnLoadAttributes (System.Type[])

Mono: successfully reloaded assembly
- Completed reload, in  1.141 seconds
Domain Reload Profiling:
	ReloadAssembly (1142ms)
		BeginReloadAssembly (117ms)
			ExecutionOrderSort (0ms)
			DisableScriptedObjects (3ms)
			BackupInstance (0ms)
			ReleaseScriptingObjects (0ms)
			CreateAndSetChildDomain (40ms)
		EndReloadAssembly (955ms)
			LoadAssemblies (65ms)
			RebuildTransferFunctionScriptingTraits (0ms)
			SetupTypeCache (204ms)
			ReleaseScriptCaches (1ms)
			RebuildScriptCaches (26ms)
			SetupLoadedEditorAssemblies (626ms)
				LogAssemblyErrors (0ms)
				InitializePlatformSupportModulesInManaged (29ms)
				SetLoadedEditorAssemblies (0ms)
				RefreshPlugins (1ms)
				BeforeProcessingInitializeOnLoad (49ms)
				ProcessInitializeOnLoadAttributes (516ms)
				ProcessInitializeOnLoadMethodAttributes (23ms)
				AfterProcessingInitializeOnLoad (7ms)
				EditorAssembliesLoaded (0ms)
			ExecutionOrderSort2 (0ms)
			AwakeInstancesAfterBackupRestoration (4ms)
Platform modules already initialized, skipping
Refreshing native plugins compatible for Editor in 5.36 ms, found 20 plugins.
Preloading 16 native plugins for Editor in 0.57 ms.
Unloading 4089 Unused Serialized files (Serialized files now loaded: 0)
Unloading 40 unused Assets / (78.9 KB). Loaded Objects now: 4595.
Memory consumption went from 158.8 MB to 158.8 MB.
Total: 2.821500 ms (FindLiveObjects: 0.316400 ms CreateObjectMapping: 0.093700 ms MarkObjects: 2.322100 ms  DeleteObjects: 0.088500 ms)

AssetImportParameters requested are different than current active one (requested -> active):
  custom:video-decoder-ogg-theora: a1e56fd34408186e4bbccfd4996cb3dc -> 
  custom:container-muxer-webm: aa71ff27fc2769a1b78a27578f13a17b -> 
  custom:container-demuxer-webm: 4f35f7cbe854078d1ac9338744f61a02 -> 
  custom:video-encoder-webm-vp8: eb34c28f22e8b96e1ab97ce403110664 -> 
  custom:audio-encoder-webm-vorbis: bf7c407c2cedff20999df2af8eb42d56 -> 
  custom:framework-win-MediaFoundation: 216162199b28c13a410421893ffa2e32 -> 
  custom:container-demuxer-ogg: 62fdf1f143b41e24485cea50d1cbac27 -> 
  custom:video-decoder-webm-vp8: 9c59270c3fd7afecdb556c50c9e8de78 -> 
  custom:audio-decoder-ogg-vorbis: bf7c407c2cedff20999df2af8eb42d56 -> 
========================================================================
Received Prepare
Refreshing native plugins compatible for Editor in 9.34 ms, found 20 plugins.
Preloading 16 native plugins for Editor in 0.50 ms.
Unloading 40 Unused Serialized files (Serialized files now loaded: 0)
Unloading 40 unused Assets / (76.1 KB). Loaded Objects now: 4595.
Memory consumption went from 77.9 MB to 77.8 MB.
Total: 3.673600 ms (FindLiveObjects: 0.264600 ms CreateObjectMapping: 0.103600 ms MarkObjects: 3.224100 ms  DeleteObjects: 0.080800 ms)

AssetImportParameters requested are different than current active one (requested -> active):
  custom:video-decoder-ogg-theora: a1e56fd34408186e4bbccfd4996cb3dc -> 
  custom:container-muxer-webm: aa71ff27fc2769a1b78a27578f13a17b -> 
  custom:container-demuxer-webm: 4f35f7cbe854078d1ac9338744f61a02 -> 
  custom:video-encoder-webm-vp8: eb34c28f22e8b96e1ab97ce403110664 -> 
  custom:audio-encoder-webm-vorbis: bf7c407c2cedff20999df2af8eb42d56 -> 
  custom:framework-win-MediaFoundation: 216162199b28c13a410421893ffa2e32 -> 
  custom:SearchIndexIgnoredProperties: e643bd26f0fe6173181afceb89e7c659 -> 
  custom:container-demuxer-ogg: 62fdf1f143b41e24485cea50d1cbac27 -> 
  custom:video-decoder-webm-vp8: 9c59270c3fd7afecdb556c50c9e8de78 -> 
  custom:audio-decoder-ogg-vorbis: bf7c407c2cedff20999df2af8eb42d56 -> 
========================================================================
Received Prepare
Registering precompiled user dll's ...
Registered in 0.007383 seconds.
Begin MonoManager ReloadAssembly
Symbol file LoadedFromMemory doesn't match image C:\Users\aloho\AGXSample\Library\PackageCache\com.unity.visualscripting@1.7.8\Editor\VisualScripting.Core\Dependencies\YamlDotNet\Unity.VisualScripting.YamlDotNet.dll
Symbol file LoadedFromMemory doesn't match image C:\Users\aloho\AGXSample\Library\PackageCache\com.unity.visualscripting@1.7.8\Editor\VisualScripting.Core\Dependencies\DotNetZip\Unity.VisualScripting.IonicZip.dll
Native extension for WindowsStandalone target not found
Native extension for iOS target not found
Native extension for Android target not found
Refreshing native plugins compatible for Editor in 0.87 ms, found 20 plugins.
Preloading 16 native plugins for Editor in 0.52 ms.
CreateSerializedAsset is not supported while importing out-of-process
UnityEngine.StackTraceUtility:ExtractStackTrace ()
AGXUnityEditor.Manager:GetOrCreateAsset<AGXUnity.GeometryContactMergeSplitThresholds> (string,System.Func`1<AGXUnity.GeometryContactMergeSplitThresholds>) (at Assets/AGXUnity/Editor/AGXUnityEditor/Manager.cs:948)
AGXUnityEditor.Manager:CreateDefaultAssets () (at Assets/AGXUnity/Editor/AGXUnityEditor/Manager.cs:969)
AGXUnityEditor.Manager:.cctor () (at Assets/AGXUnity/Editor/AGXUnityEditor/Manager.cs:113)
System.Runtime.CompilerServices.RuntimeHelpers:RunClassConstructor (System.RuntimeTypeHandle)
UnityEditor.EditorAssemblies:ProcessInitializeOnLoadAttributes (System.Type[])

[Assets/AGXUnity/Editor/AGXUnityEditor/Manager.cs line 948]

UnityEngine.UnityException: Creating asset at path Assets/AGXUnity/Resources/MergeSplit/DefaultGeometryContactThresholds.asset failed.
  at (wrapper managed-to-native) UnityEditor.AssetDatabase.CreateAsset(UnityEngine.Object,string)
  at AGXUnityEditor.Manager.GetOrCreateAsset[T] (System.String assetPath, System.Func`1[TResult] createFunc) [0x000af] in C:\Users\aloho\AGXSample\Assets\AGXUnity\Editor\AGXUnityEditor\Manager.cs:948 
  at AGXUnityEditor.Manager.CreateDefaultAssets () [0x0004e] in C:\Users\aloho\AGXSample\Assets\AGXUnity\Editor\AGXUnityEditor\Manager.cs:969 
  at AGXUnityEditor.Manager..cctor () [0x00179] in C:\Users\aloho\AGXSample\Assets\AGXUnity\Editor\AGXUnityEditor\Manager.cs:113 
UnityEngine.StackTraceUtility:ExtractStackTrace ()
UnityEngine.DebugLogHandler:LogFormat (UnityEngine.LogType,UnityEngine.Object,string,object[])
UnityEngine.Logger:Log (UnityEngine.LogType,object)
UnityEngine.Debug:LogError (object)
UnityEditor.EditorAssemblies:ProcessInitializeOnLoadAttributes (System.Type[])

Mono: successfully reloaded assembly
- Completed reload, in  1.108 seconds
Domain Reload Profiling:
	ReloadAssembly (1109ms)
		BeginReloadAssembly (112ms)
			ExecutionOrderSort (0ms)
			DisableScriptedObjects (4ms)
			BackupInstance (0ms)
			ReleaseScriptingObjects (0ms)
			CreateAndSetChildDomain (36ms)
		EndReloadAssembly (925ms)
			LoadAssemblies (65ms)
			RebuildTransferFunctionScriptingTraits (0ms)
			SetupTypeCache (187ms)
			ReleaseScriptCaches (1ms)
			RebuildScriptCaches (27ms)
			SetupLoadedEditorAssemblies (604ms)
				LogAssemblyErrors (0ms)
				InitializePlatformSupportModulesInManaged (23ms)
				SetLoadedEditorAssemblies (0ms)
				RefreshPlugins (1ms)
				BeforeProcessingInitializeOnLoad (49ms)
				ProcessInitializeOnLoadAttributes (503ms)
				ProcessInitializeOnLoadMethodAttributes (21ms)
				AfterProcessingInitializeOnLoad (7ms)
				EditorAssembliesLoaded (0ms)
			ExecutionOrderSort2 (0ms)
			AwakeInstancesAfterBackupRestoration (5ms)
Platform modules already initialized, skipping
Refreshing native plugins compatible for Editor in 5.39 ms, found 20 plugins.
Preloading 16 native plugins for Editor in 0.60 ms.
Unloading 4089 Unused Serialized files (Serialized files now loaded: 0)
Unloading 40 unused Assets / (80.0 KB). Loaded Objects now: 4599.
Memory consumption went from 158.9 MB to 158.8 MB.
Total: 2.930400 ms (FindLiveObjects: 0.362500 ms CreateObjectMapping: 0.085400 ms MarkObjects: 2.398900 ms  DeleteObjects: 0.082900 ms)

AssetImportParameters requested are different than current active one (requested -> active):
  custom:video-decoder-ogg-theora: a1e56fd34408186e4bbccfd4996cb3dc -> 
  custom:container-muxer-webm: aa71ff27fc2769a1b78a27578f13a17b -> 
  custom:container-demuxer-webm: 4f35f7cbe854078d1ac9338744f61a02 -> 
  custom:video-encoder-webm-vp8: eb34c28f22e8b96e1ab97ce403110664 -> 
  custom:audio-encoder-webm-vorbis: bf7c407c2cedff20999df2af8eb42d56 -> 
  custom:framework-win-MediaFoundation: 216162199b28c13a410421893ffa2e32 -> 
  custom:SearchIndexIgnoredProperties: e643bd26f0fe6173181afceb89e7c659 -> 
  custom:container-demuxer-ogg: 62fdf1f143b41e24485cea50d1cbac27 -> 
  custom:video-decoder-webm-vp8: 9c59270c3fd7afecdb556c50c9e8de78 -> 
  custom:audio-decoder-ogg-vorbis: bf7c407c2cedff20999df2af8eb42d56 -> 
========================================================================
Received Prepare
Registering precompiled user dll's ...
Registered in 0.007796 seconds.
Begin MonoManager ReloadAssembly
Symbol file LoadedFromMemory doesn't match image C:\Users\aloho\AGXSample\Library\PackageCache\com.unity.visualscripting@1.7.8\Editor\VisualScripting.Core\Dependencies\YamlDotNet\Unity.VisualScripting.YamlDotNet.dll
Symbol file LoadedFromMemory doesn't match image C:\Users\aloho\AGXSample\Library\PackageCache\com.unity.visualscripting@1.7.8\Editor\VisualScripting.Core\Dependencies\DotNetZip\Unity.VisualScripting.IonicZip.dll
Native extension for WindowsStandalone target not found
Native extension for iOS target not found
Native extension for Android target not found
Refreshing native plugins compatible for Editor in 0.71 ms, found 20 plugins.
Preloading 16 native plugins for Editor in 0.47 ms.
CreateSerializedAsset is not supported while importing out-of-process
UnityEngine.StackTraceUtility:ExtractStackTrace ()
AGXUnityEditor.Manager:GetOrCreateAsset<AGXUnity.GeometryContactMergeSplitThresholds> (string,System.Func`1<AGXUnity.GeometryContactMergeSplitThresholds>) (at Assets/AGXUnity/Editor/AGXUnityEditor/Manager.cs:948)
AGXUnityEditor.Manager:CreateDefaultAssets () (at Assets/AGXUnity/Editor/AGXUnityEditor/Manager.cs:969)
AGXUnityEditor.Manager:.cctor () (at Assets/AGXUnity/Editor/AGXUnityEditor/Manager.cs:113)
System.Runtime.CompilerServices.RuntimeHelpers:RunClassConstructor (System.RuntimeTypeHandle)
UnityEditor.EditorAssemblies:ProcessInitializeOnLoadAttributes (System.Type[])

[Assets/AGXUnity/Editor/AGXUnityEditor/Manager.cs line 948]

UnityEngine.UnityException: Creating asset at path Assets/AGXUnity/Resources/MergeSplit/DefaultGeometryContactThresholds.asset failed.
  at (wrapper managed-to-native) UnityEditor.AssetDatabase.CreateAsset(UnityEngine.Object,string)
  at AGXUnityEditor.Manager.GetOrCreateAsset[T] (System.String assetPath, System.Func`1[TResult] createFunc) [0x000af] in C:\Users\aloho\AGXSample\Assets\AGXUnity\Editor\AGXUnityEditor\Manager.cs:948 
  at AGXUnityEditor.Manager.CreateDefaultAssets () [0x0004e] in C:\Users\aloho\AGXSample\Assets\AGXUnity\Editor\AGXUnityEditor\Manager.cs:969 
  at AGXUnityEditor.Manager..cctor () [0x00179] in C:\Users\aloho\AGXSample\Assets\AGXUnity\Editor\AGXUnityEditor\Manager.cs:113 
UnityEngine.StackTraceUtility:ExtractStackTrace ()
UnityEngine.DebugLogHandler:LogFormat (UnityEngine.LogType,UnityEngine.Object,string,object[])
UnityEngine.Logger:Log (UnityEngine.LogType,object)
UnityEngine.Debug:LogError (object)
UnityEditor.EditorAssemblies:ProcessInitializeOnLoadAttributes (System.Type[])

Mono: successfully reloaded assembly
- Completed reload, in  1.104 seconds
Domain Reload Profiling:
	ReloadAssembly (1104ms)
		BeginReloadAssembly (110ms)
			ExecutionOrderSort (0ms)
			DisableScriptedObjects (4ms)
			BackupInstance (0ms)
			ReleaseScriptingObjects (0ms)
			CreateAndSetChildDomain (34ms)
		EndReloadAssembly (924ms)
			LoadAssemblies (66ms)
			RebuildTransferFunctionScriptingTraits (0ms)
			SetupTypeCache (196ms)
			ReleaseScriptCaches (1ms)
			RebuildScriptCaches (29ms)
			SetupLoadedEditorAssemblies (598ms)
				LogAssemblyErrors (0ms)
				InitializePlatformSupportModulesInManaged (24ms)
				SetLoadedEditorAssemblies (0ms)
				RefreshPlugins (1ms)
				BeforeProcessingInitializeOnLoad (51ms)
				ProcessInitializeOnLoadAttributes (496ms)
				ProcessInitializeOnLoadMethodAttributes (19ms)
				AfterProcessingInitializeOnLoad (7ms)
				EditorAssembliesLoaded (0ms)
			ExecutionOrderSort2 (0ms)
			AwakeInstancesAfterBackupRestoration (4ms)
Platform modules already initialized, skipping
Refreshing native plugins compatible for Editor in 4.91 ms, found 20 plugins.
Preloading 16 native plugins for Editor in 0.61 ms.
Unloading 4089 Unused Serialized files (Serialized files now loaded: 0)
Unloading 40 unused Assets / (79.9 KB). Loaded Objects now: 4603.
Memory consumption went from 158.9 MB to 158.8 MB.
Total: 2.736200 ms (FindLiveObjects: 0.316900 ms CreateObjectMapping: 0.087500 ms MarkObjects: 2.250400 ms  DeleteObjects: 0.080700 ms)

AssetImportParameters requested are different than current active one (requested -> active):
  custom:video-decoder-ogg-theora: a1e56fd34408186e4bbccfd4996cb3dc -> 
  custom:container-muxer-webm: aa71ff27fc2769a1b78a27578f13a17b -> 
  custom:container-demuxer-webm: 4f35f7cbe854078d1ac9338744f61a02 -> 
  custom:video-encoder-webm-vp8: eb34c28f22e8b96e1ab97ce403110664 -> 
  custom:audio-encoder-webm-vorbis: bf7c407c2cedff20999df2af8eb42d56 -> 
  custom:framework-win-MediaFoundation: 216162199b28c13a410421893ffa2e32 -> 
  custom:SearchIndexIgnoredProperties: e643bd26f0fe6173181afceb89e7c659 -> 
  custom:container-demuxer-ogg: 62fdf1f143b41e24485cea50d1cbac27 -> 
  custom:video-decoder-webm-vp8: 9c59270c3fd7afecdb556c50c9e8de78 -> 
  custom:audio-decoder-ogg-vorbis: bf7c407c2cedff20999df2af8eb42d56 -> 
========================================================================
Received Prepare
Registering precompiled user dll's ...
Registered in 0.007987 seconds.
Begin MonoManager ReloadAssembly
Symbol file LoadedFromMemory doesn't match image C:\Users\aloho\AGXSample\Library\PackageCache\com.unity.visualscripting@1.7.8\Editor\VisualScripting.Core\Dependencies\YamlDotNet\Unity.VisualScripting.YamlDotNet.dll
Symbol file LoadedFromMemory doesn't match image C:\Users\aloho\AGXSample\Library\PackageCache\com.unity.visualscripting@1.7.8\Editor\VisualScripting.Core\Dependencies\DotNetZip\Unity.VisualScripting.IonicZip.dll
Native extension for WindowsStandalone target not found
Native extension for iOS target not found
Native extension for Android target not found
Refreshing native plugins compatible for Editor in 0.83 ms, found 20 plugins.
Preloading 16 native plugins for Editor in 0.51 ms.
CreateSerializedAsset is not supported while importing out-of-process
UnityEngine.StackTraceUtility:ExtractStackTrace ()
AGXUnityEditor.Manager:GetOrCreateAsset<AGXUnity.GeometryContactMergeSplitThresholds> (string,System.Func`1<AGXUnity.GeometryContactMergeSplitThresholds>) (at Assets/AGXUnity/Editor/AGXUnityEditor/Manager.cs:948)
AGXUnityEditor.Manager:CreateDefaultAssets () (at Assets/AGXUnity/Editor/AGXUnityEditor/Manager.cs:969)
AGXUnityEditor.Manager:.cctor () (at Assets/AGXUnity/Editor/AGXUnityEditor/Manager.cs:113)
System.Runtime.CompilerServices.RuntimeHelpers:RunClassConstructor (System.RuntimeTypeHandle)
UnityEditor.EditorAssemblies:ProcessInitializeOnLoadAttributes (System.Type[])

[Assets/AGXUnity/Editor/AGXUnityEditor/Manager.cs line 948]

UnityEngine.UnityException: Creating asset at path Assets/AGXUnity/Resources/MergeSplit/DefaultGeometryContactThresholds.asset failed.
  at (wrapper managed-to-native) UnityEditor.AssetDatabase.CreateAsset(UnityEngine.Object,string)
  at AGXUnityEditor.Manager.GetOrCreateAsset[T] (System.String assetPath, System.Func`1[TResult] createFunc) [0x000af] in C:\Users\aloho\AGXSample\Assets\AGXUnity\Editor\AGXUnityEditor\Manager.cs:948 
  at AGXUnityEditor.Manager.CreateDefaultAssets () [0x0004e] in C:\Users\aloho\AGXSample\Assets\AGXUnity\Editor\AGXUnityEditor\Manager.cs:969 
  at AGXUnityEditor.Manager..cctor () [0x00179] in C:\Users\aloho\AGXSample\Assets\AGXUnity\Editor\AGXUnityEditor\Manager.cs:113 
UnityEngine.StackTraceUtility:ExtractStackTrace ()
UnityEngine.DebugLogHandler:LogFormat (UnityEngine.LogType,UnityEngine.Object,string,object[])
UnityEngine.Logger:Log (UnityEngine.LogType,object)
UnityEngine.Debug:LogError (object)
UnityEditor.EditorAssemblies:ProcessInitializeOnLoadAttributes (System.Type[])

Mono: successfully reloaded assembly
- Completed reload, in  1.117 seconds
Domain Reload Profiling:
	ReloadAssembly (1118ms)
		BeginReloadAssembly (109ms)
			ExecutionOrderSort (0ms)
			DisableScriptedObjects (4ms)
			BackupInstance (0ms)
			ReleaseScriptingObjects (0ms)
			CreateAndSetChildDomain (35ms)
		EndReloadAssembly (937ms)
			LoadAssemblies (62ms)
			RebuildTransferFunctionScriptingTraits (0ms)
			SetupTypeCache (191ms)
			ReleaseScriptCaches (1ms)
			RebuildScriptCaches (27ms)
			SetupLoadedEditorAssemblies (613ms)
				LogAssemblyErrors (0ms)
				InitializePlatformSupportModulesInManaged (23ms)
				SetLoadedEditorAssemblies (0ms)
				RefreshPlugins (1ms)
				BeforeProcessingInitializeOnLoad (51ms)
				ProcessInitializeOnLoadAttributes (509ms)
				ProcessInitializeOnLoadMethodAttributes (20ms)
				AfterProcessingInitializeOnLoad (8ms)
				EditorAssembliesLoaded (0ms)
			ExecutionOrderSort2 (0ms)
			AwakeInstancesAfterBackupRestoration (4ms)
Platform modules already initialized, skipping
Refreshing native plugins compatible for Editor in 4.58 ms, found 20 plugins.
Preloading 16 native plugins for Editor in 0.44 ms.
Unloading 4089 Unused Serialized files (Serialized files now loaded: 0)
Unloading 40 unused Assets / (80.0 KB). Loaded Objects now: 4607.
Memory consumption went from 158.9 MB to 158.8 MB.
Total: 2.668700 ms (FindLiveObjects: 0.259400 ms CreateObjectMapping: 0.080400 ms MarkObjects: 2.255000 ms  DeleteObjects: 0.073200 ms)

AssetImportParameters requested are different than current active one (requested -> active):
  custom:video-decoder-ogg-theora: a1e56fd34408186e4bbccfd4996cb3dc -> 
  custom:container-muxer-webm: aa71ff27fc2769a1b78a27578f13a17b -> 
  custom:container-demuxer-webm: 4f35f7cbe854078d1ac9338744f61a02 -> 
  custom:video-encoder-webm-vp8: eb34c28f22e8b96e1ab97ce403110664 -> 
  custom:audio-encoder-webm-vorbis: bf7c407c2cedff20999df2af8eb42d56 -> 
  custom:framework-win-MediaFoundation: 216162199b28c13a410421893ffa2e32 -> 
  custom:SearchIndexIgnoredProperties: e643bd26f0fe6173181afceb89e7c659 -> 
  custom:container-demuxer-ogg: 62fdf1f143b41e24485cea50d1cbac27 -> 
  custom:video-decoder-webm-vp8: 9c59270c3fd7afecdb556c50c9e8de78 -> 
  custom:audio-decoder-ogg-vorbis: bf7c407c2cedff20999df2af8eb42d56 -> 
========================================================================
Received Prepare
Registering precompiled user dll's ...
Registered in 0.006509 seconds.
Begin MonoManager ReloadAssembly
Symbol file LoadedFromMemory doesn't match image C:\Users\aloho\AGXSample\Library\PackageCache\com.unity.visualscripting@1.7.8\Editor\VisualScripting.Core\Dependencies\YamlDotNet\Unity.VisualScripting.YamlDotNet.dll
Symbol file LoadedFromMemory doesn't match image C:\Users\aloho\AGXSample\Library\PackageCache\com.unity.visualscripting@1.7.8\Editor\VisualScripting.Core\Dependencies\DotNetZip\Unity.VisualScripting.IonicZip.dll
Native extension for WindowsStandalone target not found
Native extension for iOS target not found
Native extension for Android target not found
Refreshing native plugins compatible for Editor in 0.68 ms, found 20 plugins.
Preloading 16 native plugins for Editor in 0.45 ms.
CreateSerializedAsset is not supported while importing out-of-process
UnityEngine.StackTraceUtility:ExtractStackTrace ()
AGXUnityEditor.Manager:GetOrCreateAsset<AGXUnity.GeometryContactMergeSplitThresholds> (string,System.Func`1<AGXUnity.GeometryContactMergeSplitThresholds>) (at Assets/AGXUnity/Editor/AGXUnityEditor/Manager.cs:948)
AGXUnityEditor.Manager:CreateDefaultAssets () (at Assets/AGXUnity/Editor/AGXUnityEditor/Manager.cs:969)
AGXUnityEditor.Manager:.cctor () (at Assets/AGXUnity/Editor/AGXUnityEditor/Manager.cs:113)
System.Runtime.CompilerServices.RuntimeHelpers:RunClassConstructor (System.RuntimeTypeHandle)
UnityEditor.EditorAssemblies:ProcessInitializeOnLoadAttributes (System.Type[])

[Assets/AGXUnity/Editor/AGXUnityEditor/Manager.cs line 948]

UnityEngine.UnityException: Creating asset at path Assets/AGXUnity/Resources/MergeSplit/DefaultGeometryContactThresholds.asset failed.
  at (wrapper managed-to-native) UnityEditor.AssetDatabase.CreateAsset(UnityEngine.Object,string)
  at AGXUnityEditor.Manager.GetOrCreateAsset[T] (System.String assetPath, System.Func`1[TResult] createFunc) [0x000af] in C:\Users\aloho\AGXSample\Assets\AGXUnity\Editor\AGXUnityEditor\Manager.cs:948 
  at AGXUnityEditor.Manager.CreateDefaultAssets () [0x0004e] in C:\Users\aloho\AGXSample\Assets\AGXUnity\Editor\AGXUnityEditor\Manager.cs:969 
  at AGXUnityEditor.Manager..cctor () [0x00179] in C:\Users\aloho\AGXSample\Assets\AGXUnity\Editor\AGXUnityEditor\Manager.cs:113 
UnityEngine.StackTraceUtility:ExtractStackTrace ()
UnityEngine.DebugLogHandler:LogFormat (UnityEngine.LogType,UnityEngine.Object,string,object[])
UnityEngine.Logger:Log (UnityEngine.LogType,object)
UnityEngine.Debug:LogError (object)
UnityEditor.EditorAssemblies:ProcessInitializeOnLoadAttributes (System.Type[])

Mono: successfully reloaded assembly
- Completed reload, in  1.128 seconds
Domain Reload Profiling:
	ReloadAssembly (1128ms)
		BeginReloadAssembly (110ms)
			ExecutionOrderSort (0ms)
			DisableScriptedObjects (4ms)
			BackupInstance (0ms)
			ReleaseScriptingObjects (0ms)
			CreateAndSetChildDomain (33ms)
		EndReloadAssembly (949ms)
			LoadAssemblies (68ms)
			RebuildTransferFunctionScriptingTraits (0ms)
			SetupTypeCache (190ms)
			ReleaseScriptCaches (2ms)
			RebuildScriptCaches (31ms)
			SetupLoadedEditorAssemblies (622ms)
				LogAssemblyErrors (0ms)
				InitializePlatformSupportModulesInManaged (23ms)
				SetLoadedEditorAssemblies (0ms)
				RefreshPlugins (1ms)
				BeforeProcessingInitializeOnLoad (52ms)
				ProcessInitializeOnLoadAttributes (516ms)
				ProcessInitializeOnLoadMethodAttributes (22ms)
				AfterProcessingInitializeOnLoad (8ms)
				EditorAssembliesLoaded (0ms)
			ExecutionOrderSort2 (0ms)
			AwakeInstancesAfterBackupRestoration (4ms)
Platform modules already initialized, skipping
Refreshing native plugins compatible for Editor in 4.53 ms, found 20 plugins.
Preloading 16 native plugins for Editor in 0.45 ms.
Unloading 4089 Unused Serialized files (Serialized files now loaded: 0)
Unloading 40 unused Assets / (79.9 KB). Loaded Objects now: 4611.
Memory consumption went from 158.9 MB to 158.8 MB.
Total: 2.844000 ms (FindLiveObjects: 0.294700 ms CreateObjectMapping: 0.080200 ms MarkObjects: 2.381600 ms  DeleteObjects: 0.086700 ms)

AssetImportParameters requested are different than current active one (requested -> active):
  custom:video-decoder-ogg-theora: a1e56fd34408186e4bbccfd4996cb3dc -> 
  custom:container-muxer-webm: aa71ff27fc2769a1b78a27578f13a17b -> 
  custom:container-demuxer-webm: 4f35f7cbe854078d1ac9338744f61a02 -> 
  custom:video-encoder-webm-vp8: eb34c28f22e8b96e1ab97ce403110664 -> 
  custom:audio-encoder-webm-vorbis: bf7c407c2cedff20999df2af8eb42d56 -> 
  custom:framework-win-MediaFoundation: 216162199b28c13a410421893ffa2e32 -> 
  custom:SearchIndexIgnoredProperties: e643bd26f0fe6173181afceb89e7c659 -> 
  custom:container-demuxer-ogg: 62fdf1f143b41e24485cea50d1cbac27 -> 
  custom:video-decoder-webm-vp8: 9c59270c3fd7afecdb556c50c9e8de78 -> 
  custom:audio-decoder-ogg-vorbis: bf7c407c2cedff20999df2af8eb42d56 -> 
========================================================================
Received Prepare
Registering precompiled user dll's ...
Registered in 0.007375 seconds.
Begin MonoManager ReloadAssembly
Symbol file LoadedFromMemory doesn't match image C:\Users\aloho\AGXSample\Library\PackageCache\com.unity.visualscripting@1.7.8\Editor\VisualScripting.Core\Dependencies\YamlDotNet\Unity.VisualScripting.YamlDotNet.dll
Symbol file LoadedFromMemory doesn't match image C:\Users\aloho\AGXSample\Library\PackageCache\com.unity.visualscripting@1.7.8\Editor\VisualScripting.Core\Dependencies\DotNetZip\Unity.VisualScripting.IonicZip.dll
Native extension for WindowsStandalone target not found
Native extension for iOS target not found
Native extension for Android target not found
Refreshing native plugins compatible for Editor in 0.85 ms, found 20 plugins.
Preloading 16 native plugins for Editor in 0.52 ms.
CreateSerializedAsset is not supported while importing out-of-process
UnityEngine.StackTraceUtility:ExtractStackTrace ()
AGXUnityEditor.Manager:GetOrCreateAsset<AGXUnity.GeometryContactMergeSplitThresholds> (string,System.Func`1<AGXUnity.GeometryContactMergeSplitThresholds>) (at Assets/AGXUnity/Editor/AGXUnityEditor/Manager.cs:948)
AGXUnityEditor.Manager:CreateDefaultAssets () (at Assets/AGXUnity/Editor/AGXUnityEditor/Manager.cs:969)
AGXUnityEditor.Manager:.cctor () (at Assets/AGXUnity/Editor/AGXUnityEditor/Manager.cs:113)
System.Runtime.CompilerServices.RuntimeHelpers:RunClassConstructor (System.RuntimeTypeHandle)
UnityEditor.EditorAssemblies:ProcessInitializeOnLoadAttributes (System.Type[])

[Assets/AGXUnity/Editor/AGXUnityEditor/Manager.cs line 948]

UnityEngine.UnityException: Creating asset at path Assets/AGXUnity/Resources/MergeSplit/DefaultGeometryContactThresholds.asset failed.
  at (wrapper managed-to-native) UnityEditor.AssetDatabase.CreateAsset(UnityEngine.Object,string)
  at AGXUnityEditor.Manager.GetOrCreateAsset[T] (System.String assetPath, System.Func`1[TResult] createFunc) [0x000af] in C:\Users\aloho\AGXSample\Assets\AGXUnity\Editor\AGXUnityEditor\Manager.cs:948 
  at AGXUnityEditor.Manager.CreateDefaultAssets () [0x0004e] in C:\Users\aloho\AGXSample\Assets\AGXUnity\Editor\AGXUnityEditor\Manager.cs:969 
  at AGXUnityEditor.Manager..cctor () [0x00179] in C:\Users\aloho\AGXSample\Assets\AGXUnity\Editor\AGXUnityEditor\Manager.cs:113 
UnityEngine.StackTraceUtility:ExtractStackTrace ()
UnityEngine.DebugLogHandler:LogFormat (UnityEngine.LogType,UnityEngine.Object,string,object[])
UnityEngine.Logger:Log (UnityEngine.LogType,object)
UnityEngine.Debug:LogError (object)
UnityEditor.EditorAssemblies:ProcessInitializeOnLoadAttributes (System.Type[])

Mono: successfully reloaded assembly
- Completed reload, in  1.111 seconds
Domain Reload Profiling:
	ReloadAssembly (1111ms)
		BeginReloadAssembly (108ms)
			ExecutionOrderSort (0ms)
			DisableScriptedObjects (4ms)
			BackupInstance (0ms)
			ReleaseScriptingObjects (0ms)
			CreateAndSetChildDomain (33ms)
		EndReloadAssembly (925ms)
			LoadAssemblies (63ms)
			RebuildTransferFunctionScriptingTraits (0ms)
			SetupTypeCache (190ms)
			ReleaseScriptCaches (1ms)
			RebuildScriptCaches (27ms)
			SetupLoadedEditorAssemblies (610ms)
				LogAssemblyErrors (0ms)
				InitializePlatformSupportModulesInManaged (23ms)
				SetLoadedEditorAssemblies (0ms)
				RefreshPlugins (1ms)
				BeforeProcessingInitializeOnLoad (53ms)
				ProcessInitializeOnLoadAttributes (508ms)
				ProcessInitializeOnLoadMethodAttributes (18ms)
				AfterProcessingInitializeOnLoad (7ms)
				EditorAssembliesLoaded (0ms)
			ExecutionOrderSort2 (0ms)
			AwakeInstancesAfterBackupRestoration (4ms)
Platform modules already initialized, skipping
Refreshing native plugins compatible for Editor in 5.05 ms, found 20 plugins.
Preloading 16 native plugins for Editor in 0.47 ms.
Unloading 4089 Unused Serialized files (Serialized files now loaded: 0)
Unloading 40 unused Assets / (79.9 KB). Loaded Objects now: 4615.
Memory consumption went from 158.9 MB to 158.8 MB.
Total: 3.077500 ms (FindLiveObjects: 0.279300 ms CreateObjectMapping: 0.185100 ms MarkObjects: 2.520200 ms  DeleteObjects: 0.092100 ms)

AssetImportParameters requested are different than current active one (requested -> active):
  custom:video-decoder-ogg-theora: a1e56fd34408186e4bbccfd4996cb3dc -> 
  custom:container-muxer-webm: aa71ff27fc2769a1b78a27578f13a17b -> 
  custom:container-demuxer-webm: 4f35f7cbe854078d1ac9338744f61a02 -> 
  custom:video-encoder-webm-vp8: eb34c28f22e8b96e1ab97ce403110664 -> 
  custom:audio-encoder-webm-vorbis: bf7c407c2cedff20999df2af8eb42d56 -> 
  custom:framework-win-MediaFoundation: 216162199b28c13a410421893ffa2e32 -> 
  custom:SearchIndexIgnoredProperties: e643bd26f0fe6173181afceb89e7c659 -> 
  custom:container-demuxer-ogg: 62fdf1f143b41e24485cea50d1cbac27 -> 
  custom:video-decoder-webm-vp8: 9c59270c3fd7afecdb556c50c9e8de78 -> 
  custom:audio-decoder-ogg-vorbis: bf7c407c2cedff20999df2af8eb42d56 -> 
========================================================================
Received Import Request.
  Time since last request: 1260.892178 seconds.
  path: Assets/AGXUnity_ExamplesWindow/Editor/Images/AGXUnity_DeckCrane.png
  artifactKey: Guid(7c7c788fb5142544a9f08e60615821b1) Importer(815301076,1909f56bfc062723c751e8b465ee728b)
Start importing Assets/AGXUnity_ExamplesWindow/Editor/Images/AGXUnity_DeckCrane.png using Guid(7c7c788fb5142544a9f08e60615821b1) Importer(815301076,1909f56bfc062723c751e8b465ee728b)  -> (artifact id: 'b1aff204a93a4c6e3bac906d54f073c3') in 0.091980 seconds 
========================================================================
Received Prepare
Registering precompiled user dll's ...
Registered in 0.007319 seconds.
Begin MonoManager ReloadAssembly
Symbol file LoadedFromMemory doesn't match image C:\Users\aloho\AGXSample\Library\PackageCache\com.unity.visualscripting@1.7.8\Editor\VisualScripting.Core\Dependencies\YamlDotNet\Unity.VisualScripting.YamlDotNet.dll
Symbol file LoadedFromMemory doesn't match image C:\Users\aloho\AGXSample\Library\PackageCache\com.unity.visualscripting@1.7.8\Editor\VisualScripting.Core\Dependencies\DotNetZip\Unity.VisualScripting.IonicZip.dll
Native extension for WindowsStandalone target not found
Native extension for iOS target not found
Native extension for Android target not found
Refreshing native plugins compatible for Editor in 0.71 ms, found 20 plugins.
Preloading 16 native plugins for Editor in 0.47 ms.
CreateSerializedAsset is not supported while importing out-of-process
UnityEngine.StackTraceUtility:ExtractStackTrace ()
AGXUnityEditor.Manager:GetOrCreateAsset<AGXUnity.GeometryContactMergeSplitThresholds> (string,System.Func`1<AGXUnity.GeometryContactMergeSplitThresholds>) (at Assets/AGXUnity/Editor/AGXUnityEditor/Manager.cs:948)
AGXUnityEditor.Manager:CreateDefaultAssets () (at Assets/AGXUnity/Editor/AGXUnityEditor/Manager.cs:969)
AGXUnityEditor.Manager:.cctor () (at Assets/AGXUnity/Editor/AGXUnityEditor/Manager.cs:113)
System.Runtime.CompilerServices.RuntimeHelpers:RunClassConstructor (System.RuntimeTypeHandle)
UnityEditor.EditorAssemblies:ProcessInitializeOnLoadAttributes (System.Type[])

[Assets/AGXUnity/Editor/AGXUnityEditor/Manager.cs line 948]

UnityEngine.UnityException: Creating asset at path Assets/AGXUnity/Resources/MergeSplit/DefaultGeometryContactThresholds.asset failed.
  at (wrapper managed-to-native) UnityEditor.AssetDatabase.CreateAsset(UnityEngine.Object,string)
  at AGXUnityEditor.Manager.GetOrCreateAsset[T] (System.String assetPath, System.Func`1[TResult] createFunc) [0x000af] in C:\Users\aloho\AGXSample\Assets\AGXUnity\Editor\AGXUnityEditor\Manager.cs:948 
  at AGXUnityEditor.Manager.CreateDefaultAssets () [0x0004e] in C:\Users\aloho\AGXSample\Assets\AGXUnity\Editor\AGXUnityEditor\Manager.cs:969 
  at AGXUnityEditor.Manager..cctor () [0x00179] in C:\Users\aloho\AGXSample\Assets\AGXUnity\Editor\AGXUnityEditor\Manager.cs:113 
UnityEngine.StackTraceUtility:ExtractStackTrace ()
UnityEngine.DebugLogHandler:LogFormat (UnityEngine.LogType,UnityEngine.Object,string,object[])
UnityEngine.Logger:Log (UnityEngine.LogType,object)
UnityEngine.Debug:LogError (object)
UnityEditor.EditorAssemblies:ProcessInitializeOnLoadAttributes (System.Type[])

Mono: successfully reloaded assembly
- Completed reload, in  1.126 seconds
Domain Reload Profiling:
	ReloadAssembly (1126ms)
		BeginReloadAssembly (117ms)
			ExecutionOrderSort (0ms)
			DisableScriptedObjects (4ms)
			BackupInstance (0ms)
			ReleaseScriptingObjects (0ms)
			CreateAndSetChildDomain (42ms)
		EndReloadAssembly (938ms)
			LoadAssemblies (63ms)
			RebuildTransferFunctionScriptingTraits (0ms)
			SetupTypeCache (196ms)
			ReleaseScriptCaches (1ms)
			RebuildScriptCaches (28ms)
			SetupLoadedEditorAssemblies (615ms)
				LogAssemblyErrors (0ms)
				InitializePlatformSupportModulesInManaged (26ms)
				SetLoadedEditorAssemblies (0ms)
				RefreshPlugins (1ms)
				BeforeProcessingInitializeOnLoad (51ms)
				ProcessInitializeOnLoadAttributes (509ms)
				ProcessInitializeOnLoadMethodAttributes (21ms)
				AfterProcessingInitializeOnLoad (7ms)
				EditorAssembliesLoaded (0ms)
			ExecutionOrderSort2 (0ms)
			AwakeInstancesAfterBackupRestoration (5ms)
Platform modules already initialized, skipping
Refreshing native plugins compatible for Editor in 4.81 ms, found 20 plugins.
Preloading 16 native plugins for Editor in 0.48 ms.
Unloading 4089 Unused Serialized files (Serialized files now loaded: 0)
Unloading 40 unused Assets / (79.9 KB). Loaded Objects now: 4622.
Memory consumption went from 158.9 MB to 158.9 MB.
Total: 2.800100 ms (FindLiveObjects: 0.290500 ms CreateObjectMapping: 0.088100 ms MarkObjects: 2.336000 ms  DeleteObjects: 0.084800 ms)

AssetImportParameters requested are different than current active one (requested -> active):
  custom:video-decoder-ogg-theora: a1e56fd34408186e4bbccfd4996cb3dc -> 
  custom:container-muxer-webm: aa71ff27fc2769a1b78a27578f13a17b -> 
  custom:container-demuxer-webm: 4f35f7cbe854078d1ac9338744f61a02 -> 
  custom:video-encoder-webm-vp8: eb34c28f22e8b96e1ab97ce403110664 -> 
  custom:audio-encoder-webm-vorbis: bf7c407c2cedff20999df2af8eb42d56 -> 
  custom:framework-win-MediaFoundation: 216162199b28c13a410421893ffa2e32 -> 
  custom:SearchIndexIgnoredProperties: e643bd26f0fe6173181afceb89e7c659 -> 
  custom:container-demuxer-ogg: 62fdf1f143b41e24485cea50d1cbac27 -> 
  custom:video-decoder-webm-vp8: 9c59270c3fd7afecdb556c50c9e8de78 -> 
  custom:audio-decoder-ogg-vorbis: bf7c407c2cedff20999df2af8eb42d56 -> 
========================================================================
Received Prepare
Registering precompiled user dll's ...
Registered in 0.006829 seconds.
Begin MonoManager ReloadAssembly
Symbol file LoadedFromMemory doesn't match image C:\Users\aloho\AGXSample\Library\PackageCache\com.unity.visualscripting@1.7.8\Editor\VisualScripting.Core\Dependencies\YamlDotNet\Unity.VisualScripting.YamlDotNet.dll
Symbol file LoadedFromMemory doesn't match image C:\Users\aloho\AGXSample\Library\PackageCache\com.unity.visualscripting@1.7.8\Editor\VisualScripting.Core\Dependencies\DotNetZip\Unity.VisualScripting.IonicZip.dll
Native extension for WindowsStandalone target not found
Native extension for iOS target not found
Native extension for Android target not found
Refreshing native plugins compatible for Editor in 0.85 ms, found 20 plugins.
Preloading 16 native plugins for Editor in 0.50 ms.
CreateSerializedAsset is not supported while importing out-of-process
UnityEngine.StackTraceUtility:ExtractStackTrace ()
AGXUnityEditor.Manager:GetOrCreateAsset<AGXUnity.GeometryContactMergeSplitThresholds> (string,System.Func`1<AGXUnity.GeometryContactMergeSplitThresholds>) (at Assets/AGXUnity/Editor/AGXUnityEditor/Manager.cs:948)
AGXUnityEditor.Manager:CreateDefaultAssets () (at Assets/AGXUnity/Editor/AGXUnityEditor/Manager.cs:969)
AGXUnityEditor.Manager:.cctor () (at Assets/AGXUnity/Editor/AGXUnityEditor/Manager.cs:113)
System.Runtime.CompilerServices.RuntimeHelpers:RunClassConstructor (System.RuntimeTypeHandle)
UnityEditor.EditorAssemblies:ProcessInitializeOnLoadAttributes (System.Type[])

[Assets/AGXUnity/Editor/AGXUnityEditor/Manager.cs line 948]

UnityEngine.UnityException: Creating asset at path Assets/AGXUnity/Resources/MergeSplit/DefaultGeometryContactThresholds.asset failed.
  at (wrapper managed-to-native) UnityEditor.AssetDatabase.CreateAsset(UnityEngine.Object,string)
  at AGXUnityEditor.Manager.GetOrCreateAsset[T] (System.String assetPath, System.Func`1[TResult] createFunc) [0x000af] in C:\Users\aloho\AGXSample\Assets\AGXUnity\Editor\AGXUnityEditor\Manager.cs:948 
  at AGXUnityEditor.Manager.CreateDefaultAssets () [0x0004e] in C:\Users\aloho\AGXSample\Assets\AGXUnity\Editor\AGXUnityEditor\Manager.cs:969 
  at AGXUnityEditor.Manager..cctor () [0x00179] in C:\Users\aloho\AGXSample\Assets\AGXUnity\Editor\AGXUnityEditor\Manager.cs:113 
UnityEngine.StackTraceUtility:ExtractStackTrace ()
UnityEngine.DebugLogHandler:LogFormat (UnityEngine.LogType,UnityEngine.Object,string,object[])
UnityEngine.Logger:Log (UnityEngine.LogType,object)
UnityEngine.Debug:LogError (object)
UnityEditor.EditorAssemblies:ProcessInitializeOnLoadAttributes (System.Type[])

Mono: successfully reloaded assembly
- Completed reload, in  1.096 seconds
Domain Reload Profiling:
	ReloadAssembly (1097ms)
		BeginReloadAssembly (111ms)
			ExecutionOrderSort (0ms)
			DisableScriptedObjects (4ms)
			BackupInstance (0ms)
			ReleaseScriptingObjects (0ms)
			CreateAndSetChildDomain (34ms)
		EndReloadAssembly (914ms)
			LoadAssemblies (65ms)
			RebuildTransferFunctionScriptingTraits (0ms)
			SetupTypeCache (184ms)
			ReleaseScriptCaches (1ms)
			RebuildScriptCaches (28ms)
			SetupLoadedEditorAssemblies (600ms)
				LogAssemblyErrors (0ms)
				InitializePlatformSupportModulesInManaged (23ms)
				SetLoadedEditorAssemblies (0ms)
				RefreshPlugins (1ms)
				BeforeProcessingInitializeOnLoad (52ms)
				ProcessInitializeOnLoadAttributes (496ms)
				ProcessInitializeOnLoadMethodAttributes (21ms)
				AfterProcessingInitializeOnLoad (7ms)
				EditorAssembliesLoaded (0ms)
			ExecutionOrderSort2 (0ms)
			AwakeInstancesAfterBackupRestoration (5ms)
Platform modules already initialized, skipping
Refreshing native plugins compatible for Editor in 4.94 ms, found 20 plugins.
Preloading 16 native plugins for Editor in 0.49 ms.
Unloading 4089 Unused Serialized files (Serialized files now loaded: 0)
Unloading 40 unused Assets / (79.9 KB). Loaded Objects now: 4626.
Memory consumption went from 159.0 MB to 158.9 MB.
Total: 2.897200 ms (FindLiveObjects: 0.328200 ms CreateObjectMapping: 0.088300 ms MarkObjects: 2.369000 ms  DeleteObjects: 0.110600 ms)

AssetImportParameters requested are different than current active one (requested -> active):
  custom:video-decoder-ogg-theora: a1e56fd34408186e4bbccfd4996cb3dc -> 
  custom:container-muxer-webm: aa71ff27fc2769a1b78a27578f13a17b -> 
  custom:container-demuxer-webm: 4f35f7cbe854078d1ac9338744f61a02 -> 
  custom:video-encoder-webm-vp8: eb34c28f22e8b96e1ab97ce403110664 -> 
  custom:audio-encoder-webm-vorbis: bf7c407c2cedff20999df2af8eb42d56 -> 
  custom:framework-win-MediaFoundation: 216162199b28c13a410421893ffa2e32 -> 
  custom:SearchIndexIgnoredProperties: e643bd26f0fe6173181afceb89e7c659 -> 
  custom:container-demuxer-ogg: 62fdf1f143b41e24485cea50d1cbac27 -> 
  custom:video-decoder-webm-vp8: 9c59270c3fd7afecdb556c50c9e8de78 -> 
  custom:audio-decoder-ogg-vorbis: bf7c407c2cedff20999df2af8eb42d56 -> 
========================================================================
Received Prepare
Registering precompiled user dll's ...
Registered in 0.007741 seconds.
Begin MonoManager ReloadAssembly
Symbol file LoadedFromMemory doesn't match image C:\Users\aloho\AGXSample\Library\PackageCache\com.unity.visualscripting@1.7.8\Editor\VisualScripting.Core\Dependencies\YamlDotNet\Unity.VisualScripting.YamlDotNet.dll
Symbol file LoadedFromMemory doesn't match image C:\Users\aloho\AGXSample\Library\PackageCache\com.unity.visualscripting@1.7.8\Editor\VisualScripting.Core\Dependencies\DotNetZip\Unity.VisualScripting.IonicZip.dll
Native extension for WindowsStandalone target not found
Native extension for iOS target not found
Native extension for Android target not found
Refreshing native plugins compatible for Editor in 0.70 ms, found 20 plugins.
Preloading 16 native plugins for Editor in 0.45 ms.
CreateSerializedAsset is not supported while importing out-of-process
UnityEngine.StackTraceUtility:ExtractStackTrace ()
AGXUnityEditor.Manager:GetOrCreateAsset<AGXUnity.GeometryContactMergeSplitThresholds> (string,System.Func`1<AGXUnity.GeometryContactMergeSplitThresholds>) (at Assets/AGXUnity/Editor/AGXUnityEditor/Manager.cs:948)
AGXUnityEditor.Manager:CreateDefaultAssets () (at Assets/AGXUnity/Editor/AGXUnityEditor/Manager.cs:969)
AGXUnityEditor.Manager:.cctor () (at Assets/AGXUnity/Editor/AGXUnityEditor/Manager.cs:113)
System.Runtime.CompilerServices.RuntimeHelpers:RunClassConstructor (System.RuntimeTypeHandle)
UnityEditor.EditorAssemblies:ProcessInitializeOnLoadAttributes (System.Type[])

[Assets/AGXUnity/Editor/AGXUnityEditor/Manager.cs line 948]

UnityEngine.UnityException: Creating asset at path Assets/AGXUnity/Resources/MergeSplit/DefaultGeometryContactThresholds.asset failed.
  at (wrapper managed-to-native) UnityEditor.AssetDatabase.CreateAsset(UnityEngine.Object,string)
  at AGXUnityEditor.Manager.GetOrCreateAsset[T] (System.String assetPath, System.Func`1[TResult] createFunc) [0x000af] in C:\Users\aloho\AGXSample\Assets\AGXUnity\Editor\AGXUnityEditor\Manager.cs:948 
  at AGXUnityEditor.Manager.CreateDefaultAssets () [0x0004e] in C:\Users\aloho\AGXSample\Assets\AGXUnity\Editor\AGXUnityEditor\Manager.cs:969 
  at AGXUnityEditor.Manager..cctor () [0x00179] in C:\Users\aloho\AGXSample\Assets\AGXUnity\Editor\AGXUnityEditor\Manager.cs:113 
UnityEngine.StackTraceUtility:ExtractStackTrace ()
UnityEngine.DebugLogHandler:LogFormat (UnityEngine.LogType,UnityEngine.Object,string,object[])
UnityEngine.Logger:Log (UnityEngine.LogType,object)
UnityEngine.Debug:LogError (object)
UnityEditor.EditorAssemblies:ProcessInitializeOnLoadAttributes (System.Type[])

Mono: successfully reloaded assembly
- Completed reload, in  1.117 seconds
Domain Reload Profiling:
	ReloadAssembly (1118ms)
		BeginReloadAssembly (110ms)
			ExecutionOrderSort (0ms)
			DisableScriptedObjects (4ms)
			BackupInstance (0ms)
			ReleaseScriptingObjects (0ms)
			CreateAndSetChildDomain (34ms)
		EndReloadAssembly (934ms)
			LoadAssemblies (66ms)
			RebuildTransferFunctionScriptingTraits (0ms)
			SetupTypeCache (186ms)
			ReleaseScriptCaches (1ms)
			RebuildScriptCaches (26ms)
			SetupLoadedEditorAssemblies (614ms)
				LogAssemblyErrors (0ms)
				InitializePlatformSupportModulesInManaged (22ms)
				SetLoadedEditorAssemblies (0ms)
				RefreshPlugins (1ms)
				BeforeProcessingInitializeOnLoad (52ms)
				ProcessInitializeOnLoadAttributes (510ms)
				ProcessInitializeOnLoadMethodAttributes (20ms)
				AfterProcessingInitializeOnLoad (8ms)
				EditorAssembliesLoaded (0ms)
			ExecutionOrderSort2 (0ms)
			AwakeInstancesAfterBackupRestoration (5ms)
Platform modules already initialized, skipping
Refreshing native plugins compatible for Editor in 4.45 ms, found 20 plugins.
Preloading 16 native plugins for Editor in 0.47 ms.
Unloading 4089 Unused Serialized files (Serialized files now loaded: 0)
Unloading 40 unused Assets / (80.0 KB). Loaded Objects now: 4630.
Memory consumption went from 159.0 MB to 158.9 MB.
Total: 3.596400 ms (FindLiveObjects: 0.274200 ms CreateObjectMapping: 0.079500 ms MarkObjects: 3.131500 ms  DeleteObjects: 0.110300 ms)

AssetImportParameters requested are different than current active one (requested -> active):
  custom:video-decoder-ogg-theora: a1e56fd34408186e4bbccfd4996cb3dc -> 
  custom:container-muxer-webm: aa71ff27fc2769a1b78a27578f13a17b -> 
  custom:container-demuxer-webm: 4f35f7cbe854078d1ac9338744f61a02 -> 
  custom:video-encoder-webm-vp8: eb34c28f22e8b96e1ab97ce403110664 -> 
  custom:audio-encoder-webm-vorbis: bf7c407c2cedff20999df2af8eb42d56 -> 
  custom:framework-win-MediaFoundation: 216162199b28c13a410421893ffa2e32 -> 
  custom:SearchIndexIgnoredProperties: e643bd26f0fe6173181afceb89e7c659 -> 
  custom:container-demuxer-ogg: 62fdf1f143b41e24485cea50d1cbac27 -> 
  custom:video-decoder-webm-vp8: 9c59270c3fd7afecdb556c50c9e8de78 -> 
  custom:audio-decoder-ogg-vorbis: bf7c407c2cedff20999df2af8eb42d56 -> 
========================================================================
Received Prepare
Registering precompiled user dll's ...
Registered in 0.006713 seconds.
Begin MonoManager ReloadAssembly
Symbol file LoadedFromMemory doesn't match image C:\Users\aloho\AGXSample\Library\PackageCache\com.unity.visualscripting@1.7.8\Editor\VisualScripting.Core\Dependencies\YamlDotNet\Unity.VisualScripting.YamlDotNet.dll
Symbol file LoadedFromMemory doesn't match image C:\Users\aloho\AGXSample\Library\PackageCache\com.unity.visualscripting@1.7.8\Editor\VisualScripting.Core\Dependencies\DotNetZip\Unity.VisualScripting.IonicZip.dll
Native extension for WindowsStandalone target not found
Native extension for iOS target not found
Native extension for Android target not found
Refreshing native plugins compatible for Editor in 0.82 ms, found 20 plugins.
Preloading 16 native plugins for Editor in 0.51 ms.
CreateSerializedAsset is not supported while importing out-of-process
UnityEngine.StackTraceUtility:ExtractStackTrace ()
AGXUnityEditor.Manager:GetOrCreateAsset<AGXUnity.GeometryContactMergeSplitThresholds> (string,System.Func`1<AGXUnity.GeometryContactMergeSplitThresholds>) (at Assets/AGXUnity/Editor/AGXUnityEditor/Manager.cs:948)
AGXUnityEditor.Manager:CreateDefaultAssets () (at Assets/AGXUnity/Editor/AGXUnityEditor/Manager.cs:969)
AGXUnityEditor.Manager:.cctor () (at Assets/AGXUnity/Editor/AGXUnityEditor/Manager.cs:113)
System.Runtime.CompilerServices.RuntimeHelpers:RunClassConstructor (System.RuntimeTypeHandle)
UnityEditor.EditorAssemblies:ProcessInitializeOnLoadAttributes (System.Type[])

[Assets/AGXUnity/Editor/AGXUnityEditor/Manager.cs line 948]

UnityEngine.UnityException: Creating asset at path Assets/AGXUnity/Resources/MergeSplit/DefaultGeometryContactThresholds.asset failed.
  at (wrapper managed-to-native) UnityEditor.AssetDatabase.CreateAsset(UnityEngine.Object,string)
  at AGXUnityEditor.Manager.GetOrCreateAsset[T] (System.String assetPath, System.Func`1[TResult] createFunc) [0x000af] in C:\Users\aloho\AGXSample\Assets\AGXUnity\Editor\AGXUnityEditor\Manager.cs:948 
  at AGXUnityEditor.Manager.CreateDefaultAssets () [0x0004e] in C:\Users\aloho\AGXSample\Assets\AGXUnity\Editor\AGXUnityEditor\Manager.cs:969 
  at AGXUnityEditor.Manager..cctor () [0x00179] in C:\Users\aloho\AGXSample\Assets\AGXUnity\Editor\AGXUnityEditor\Manager.cs:113 
UnityEngine.StackTraceUtility:ExtractStackTrace ()
UnityEngine.DebugLogHandler:LogFormat (UnityEngine.LogType,UnityEngine.Object,string,object[])
UnityEngine.Logger:Log (UnityEngine.LogType,object)
UnityEngine.Debug:LogError (object)
UnityEditor.EditorAssemblies:ProcessInitializeOnLoadAttributes (System.Type[])

Mono: successfully reloaded assembly
- Completed reload, in  1.130 seconds
Domain Reload Profiling:
	ReloadAssembly (1130ms)
		BeginReloadAssembly (115ms)
			ExecutionOrderSort (0ms)
			DisableScriptedObjects (4ms)
			BackupInstance (0ms)
			ReleaseScriptingObjects (0ms)
			CreateAndSetChildDomain (34ms)
		EndReloadAssembly (942ms)
			LoadAssemblies (66ms)
			RebuildTransferFunctionScriptingTraits (0ms)
			SetupTypeCache (192ms)
			ReleaseScriptCaches (1ms)
			RebuildScriptCaches (30ms)
			SetupLoadedEditorAssemblies (618ms)
				LogAssemblyErrors (0ms)
				InitializePlatformSupportModulesInManaged (23ms)
				SetLoadedEditorAssemblies (0ms)
				RefreshPlugins (1ms)
				BeforeProcessingInitializeOnLoad (51ms)
				ProcessInitializeOnLoadAttributes (513ms)
				ProcessInitializeOnLoadMethodAttributes (21ms)
				AfterProcessingInitializeOnLoad (8ms)
				EditorAssembliesLoaded (0ms)
			ExecutionOrderSort2 (0ms)
			AwakeInstancesAfterBackupRestoration (4ms)
Platform modules already initialized, skipping
Refreshing native plugins compatible for Editor in 5.49 ms, found 20 plugins.
Preloading 16 native plugins for Editor in 0.52 ms.
Unloading 4089 Unused Serialized files (Serialized files now loaded: 0)
Unloading 40 unused Assets / (79.9 KB). Loaded Objects now: 4634.
Memory consumption went from 159.0 MB to 158.9 MB.
Total: 3.481200 ms (FindLiveObjects: 0.302900 ms CreateObjectMapping: 0.188300 ms MarkObjects: 2.891600 ms  DeleteObjects: 0.097700 ms)

AssetImportParameters requested are different than current active one (requested -> active):
  custom:video-decoder-ogg-theora: a1e56fd34408186e4bbccfd4996cb3dc -> 
  custom:container-muxer-webm: aa71ff27fc2769a1b78a27578f13a17b -> 
  custom:container-demuxer-webm: 4f35f7cbe854078d1ac9338744f61a02 -> 
  custom:video-encoder-webm-vp8: eb34c28f22e8b96e1ab97ce403110664 -> 
  custom:audio-encoder-webm-vorbis: bf7c407c2cedff20999df2af8eb42d56 -> 
  custom:framework-win-MediaFoundation: 216162199b28c13a410421893ffa2e32 -> 
  custom:SearchIndexIgnoredProperties: e643bd26f0fe6173181afceb89e7c659 -> 
  custom:container-demuxer-ogg: 62fdf1f143b41e24485cea50d1cbac27 -> 
  custom:video-decoder-webm-vp8: 9c59270c3fd7afecdb556c50c9e8de78 -> 
  custom:audio-decoder-ogg-vorbis: bf7c407c2cedff20999df2af8eb42d56 -> 
========================================================================
Received Import Request.
  Time since last request: 795.915286 seconds.
  path: Assets/AGXUnity_Demo/AGXUnity_Demo_Assets/demo_cable_contact_material.asset
  artifactKey: Guid(3aaa831944347cc49af2a0c32983f4d9) Importer(815301076,1909f56bfc062723c751e8b465ee728b)
Start importing Assets/AGXUnity_Demo/AGXUnity_Demo_Assets/demo_cable_contact_material.asset using Guid(3aaa831944347cc49af2a0c32983f4d9) Importer(815301076,1909f56bfc062723c751e8b465ee728b)  -> (artifact id: '45c7a3ea41f7f37113fd833e3318f0e4') in 0.023889 seconds 
========================================================================
Received Import Request.
  Time since last request: 0.000018 seconds.
  path: Assets/AGXUnity_Demo/AGXUnity_Demo_Assets/demo_track_properties.asset
  artifactKey: Guid(a2cd7d7d09cd18f4a88e2f6c814f2732) Importer(815301076,1909f56bfc062723c751e8b465ee728b)
Start importing Assets/AGXUnity_Demo/AGXUnity_Demo_Assets/demo_track_properties.asset using Guid(a2cd7d7d09cd18f4a88e2f6c814f2732) Importer(815301076,1909f56bfc062723c751e8b465ee728b)  -> (artifact id: 'b27eb8603d533dd6b61f05dbf336fbae') in 0.005389 seconds 
========================================================================
Received Import Request.
  Time since last request: 0.000023 seconds.
  path: Assets/AGXUnity_Demo/AGXUnity_Demo_Assets/demo_solver_settings.asset
  artifactKey: Guid(fd6924c95060680439c0e39dca693a15) Importer(815301076,1909f56bfc062723c751e8b465ee728b)
Start importing Assets/AGXUnity_Demo/AGXUnity_Demo_Assets/demo_solver_settings.asset using Guid(fd6924c95060680439c0e39dca693a15) Importer(815301076,1909f56bfc062723c751e8b465ee728b)  -> (artifact id: 'a8d5d7f11c2e0d259c59725f4ddb0592') in 0.005204 seconds 
========================================================================
Received Import Request.
  Time since last request: 0.000016 seconds.
  path: Assets/AGXUnity_Demo/AGXUnity_Demo_Assets/demo_tire_terrain_contact_material.asset
  artifactKey: Guid(12d31df4b4322ae4ab803bf9ab900ded) Importer(815301076,1909f56bfc062723c751e8b465ee728b)
Start importing Assets/AGXUnity_Demo/AGXUnity_Demo_Assets/demo_tire_terrain_contact_material.asset using Guid(12d31df4b4322ae4ab803bf9ab900ded) Importer(815301076,1909f56bfc062723c751e8b465ee728b)  -> (artifact id: '495f6baa6ebea8a09960b7f5bf2cb29e') in 0.005848 seconds 
========================================================================
Received Import Request.
  Time since last request: 0.000014 seconds.
  path: Assets/AGXUnity_Demo/AGXUnity_Demo_Assets/demo_terrain_height_field.asset
  artifactKey: Guid(7adbd087ce5571640a8ea639793238a3) Importer(815301076,1909f56bfc062723c751e8b465ee728b)
Start importing Assets/AGXUnity_Demo/AGXUnity_Demo_Assets/demo_terrain_height_field.asset using Guid(7adbd087ce5571640a8ea639793238a3) Importer(815301076,1909f56bfc062723c751e8b465ee728b)  -> (artifact id: '2b3d99f51659537ed4211db1ca08e29e') in 0.007785 seconds 
========================================================================
Received Import Request.
  Time since last request: 0.000018 seconds.
  path: Assets/AGXUnity_Demo/AGXUnity_Demo_Assets/demo_cable_properties.asset
  artifactKey: Guid(71ab60f627b07aa46ad15a4c3aa40fa5) Importer(815301076,1909f56bfc062723c751e8b465ee728b)
Start importing Assets/AGXUnity_Demo/AGXUnity_Demo_Assets/demo_cable_properties.asset using Guid(71ab60f627b07aa46ad15a4c3aa40fa5) Importer(815301076,1909f56bfc062723c751e8b465ee728b)  -> (artifact id: 'ceeca2a8b541c5ba7f2b3353eacedfc4') in 0.004743 seconds 
Editor requested this worker to shutdown with reason: Scaling down because of idle timeout
AssetImportWorker is now disconnected from the server
Process exiting
Exiting without the bug reporter. Application will terminate with return code 0